2025-10-25 13:03:25,569 - INFO - Processing dsi_2020.pdf with HYBRID method...
2025-10-25 13:03:25,823 - INFO - Found station D14A011 on page 23
2025-10-25 13:03:25,825 - INFO - [OK] Extracted: D14A011 - Ladik Gölü Reg.Çıkışı…………………………………… 433
2025-10-25 13:03:25,836 - INFO - Found station D14A117 on page 24
2025-10-25 13:03:25,838 - INFO - [OK] Extracted: D14A117 - Çilkoru D. Gökdere…………………………………………… 446
2025-10-25 13:03:41,581 - INFO - Found station D14A011 on page 462
2025-10-25 13:03:41,582 - INFO - Found footer line: SU YILI  ( 2020 )  YILLIK TOPLAM AKIM  66.32 MİLYON M3         457 MM.        14.5 LT/SN/Km2
2025-10-25 13:03:41,582 - INFO - Extracted numbers: ['2020', '66.32', '3', '457', '14.5', '2']
2025-10-25 13:03:41,583 - INFO - Parsed: annual_total=2020.0, mm_total=3.0, avg_ltsnkm2=457.0
2025-10-25 13:03:41,583 - INFO - Processing flow_avg line: ORTALAMA AKIMLAR             : Gözlem süresinde     1.723 m3/sn.    (36 Yıllık )  2020 Su yılında   ...
2025-10-25 13:03:41,583 - WARNING - Only found 8 values for flow_avg, expected 12
2025-10-25 13:03:41,584 - INFO - Processing flow_max line: Maks.       0.582     0.495     0.273     0.164     0.164     0.120     3.76      6.99     12.5     ...
2025-10-25 13:03:41,584 - INFO - Found 13 values for flow_max
2025-10-25 13:03:41,584 - INFO - Processing flow_min line: Min.        0.340     0.216     0.120     0.057     0.057     0.037     0.084     0.674     0.001   ...
2025-10-25 13:03:41,585 - INFO - Found 13 values for flow_min
2025-10-25 13:03:41,585 - INFO - Processing flow_avg line: Ortalama    0.486     0.433     0.201     0.083     0.131     0.074     1.53      2.02      2.32    ...
2025-10-25 13:03:41,585 - INFO - Found 12 values for flow_avg
2025-10-25 13:03:41,585 - INFO - Processing ltsnkm2 line: LT/SN/Km2   3.35      2.99      1.39      0.570     0.904     0.510    10.6      13.9      16.0     ...
2025-10-25 13:03:41,585 - INFO - Found 13 values for ltsnkm2
2025-10-25 13:03:41,586 - INFO - Processing akim_mm line: AKIM mm.    8.96      7.74      3.72      1.53      2.27      1.36     27.4      37.2      41.5     ...
2025-10-25 13:03:41,586 - INFO - Found 13 values for akim_mm
2025-10-25 13:03:41,586 - INFO - Processing milm3 line: MİL. M3     1.30      1.12      0.539     0.222     0.329     0.198     3.97      5.40      6.02    ...
2025-10-25 13:03:41,587 - INFO - Found 14 values for milm3
2025-10-25 13:03:41,587 - INFO - Processing ltsnkm2 line: SU YILI  ( 2020 )  YILLIK TOPLAM AKIM  66.32 MİLYON M3         457 MM.        14.5 LT/SN/Km2    ...
2025-10-25 13:03:41,587 - WARNING - Only found 7 values for ltsnkm2, expected 12
2025-10-25 13:03:41,587 - INFO - [OK] Extracted: D14A011 - LADİK G. REG. ÇIKIŞI
2025-10-25 13:03:41,587 - INFO -   Annual flow: 2.097 m³/s
2025-10-25 13:03:41,587 - INFO -   Annual total: 2020.0 MİLYON M3
2025-10-25 13:03:41,587 - INFO -   MM total: 3.0
2025-10-25 13:03:41,587 - INFO -   Avg LT/SN/Km2: 457.0
2025-10-25 13:03:42,289 - INFO - Found station D14A117 on page 475
2025-10-25 13:03:42,290 - INFO - Found footer line: SU YILI  ( 2020 )  YILLIK TOPLAM AKIM  9.91 MİLYON M3         127 MM.        4.0 LT/SN/Km2
2025-10-25 13:03:42,291 - INFO - Extracted numbers: ['2020', '9.91', '3', '127', '4.0', '2']
2025-10-25 13:03:42,291 - INFO - Parsed: annual_total=2020.0, mm_total=3.0, avg_ltsnkm2=127.0
2025-10-25 13:03:42,292 - INFO - Processing flow_avg line: ORTALAMA AKIMLAR             : Gözlem süresinde     0.572 m3/sn.    (33 Yıllık )  2020 Su yılında   ...
2025-10-25 13:03:42,292 - WARNING - Only found 8 values for flow_avg, expected 12
2025-10-25 13:03:42,293 - INFO - Processing flow_max line: Maks.       0.130     0.170     0.220     0.220     3.60      2.40      1.12      0.735     0.735   ...
2025-10-25 13:03:42,293 - INFO - Found 13 values for flow_max
2025-10-25 13:03:42,294 - INFO - Processing flow_min line: Min.        0.049     0.100     0.100     0.049     0.070     0.735     0.260     0.130     0.100   ...
2025-10-25 13:03:42,294 - INFO - Found 13 values for flow_min
2025-10-25 13:03:42,294 - INFO - Processing flow_avg line: Ortalama    0.077     0.115     0.131     0.071     0.680     1.33      0.505     0.310     0.235   ...
2025-10-25 13:03:42,294 - INFO - Found 12 values for flow_avg
2025-10-25 13:03:42,294 - INFO - Processing ltsnkm2 line: LT/SN/Km2   0.988     1.47      1.68      0.912     8.71     17.1       6.47      3.98      3.01    ...
2025-10-25 13:03:42,295 - INFO - Found 13 values for ltsnkm2
2025-10-25 13:03:42,295 - INFO - Processing akim_mm line: AKIM mm.    2.65      3.82      4.51      2.44     21.8      45.8      16.8      10.7       7.81    ...
2025-10-25 13:03:42,295 - INFO - Found 13 values for akim_mm
2025-10-25 13:03:42,295 - INFO - Processing milm3 line: MİL. M3     0.206     0.298     0.352     0.191     1.70      3.57      1.31      0.832     0.609   ...
2025-10-25 13:03:42,295 - INFO - Found 14 values for milm3
2025-10-25 13:03:42,295 - INFO - Processing ltsnkm2 line: SU YILI  ( 2020 )  YILLIK TOPLAM AKIM  9.91 MİLYON M3         127 MM.        4.0 LT/SN/Km2    ...
2025-10-25 13:03:42,296 - WARNING - Only found 7 values for ltsnkm2, expected 12
2025-10-25 13:03:42,296 - INFO - [OK] Extracted: D14A117 - ÇİLKORU D. GÖKDERE
2025-10-25 13:03:42,296 - INFO -   Annual flow: 0.314 m³/s
2025-10-25 13:03:42,296 - INFO -   Annual total: 2020.0 MİLYON M3
2025-10-25 13:03:42,296 - INFO -   MM total: 3.0
2025-10-25 13:03:42,296 - INFO -   Avg LT/SN/Km2: 127.0
2025-10-25 13:03:42,751 - INFO - Found station D14A144 on page 482
2025-10-25 13:03:42,752 - INFO - Found footer line: SU YILI  ( 2020 )  YILLIK TOPLAM AKIM  4.02 MİLYON M3         245 MM.        7.8 LT/SN/Km2
2025-10-25 13:03:42,752 - INFO - Extracted numbers: ['2020', '4.02', '3', '245', '7.8', '2']
2025-10-25 13:03:42,753 - INFO - Parsed: annual_total=2020.0, mm_total=3.0, avg_ltsnkm2=245.0
2025-10-25 13:03:42,753 - INFO - Processing flow_avg line: ORTALAMA AKIMLAR             : Gözlem süresinde     0.105 m3/sn.    (16 Yıllık )  2020 Su yılında   ...
2025-10-25 13:03:42,753 - WARNING - Only found 8 values for flow_avg, expected 12
2025-10-25 13:03:42,754 - INFO - Processing flow_max line: Maks.       0.054     0.004     0.054     0.092     0.464     0.588     0.523     0.588     0.301   ...
2025-10-25 13:03:42,754 - INFO - Found 13 values for flow_max
2025-10-25 13:03:42,754 - INFO - Processing flow_min line: Min.        0.001     0.001     0.002     0.011     0.054     0.301     0.179     0.118     0.072   ...
2025-10-25 13:03:42,754 - INFO - Found 13 values for flow_min
2025-10-25 13:03:42,755 - INFO - Processing flow_avg line: Ortalama    0.001     0.002     0.020     0.048     0.247     0.407     0.314     0.315     0.109   ...
2025-10-25 13:03:42,755 - INFO - Found 12 values for flow_avg
2025-10-25 13:03:42,755 - INFO - Processing ltsnkm2 line: LT/SN/Km2   0.077     0.116     1.19      2.92     15.1      24.8      19.2      19.2       6.63    ...
2025-10-25 13:03:42,755 - INFO - Found 13 values for ltsnkm2
2025-10-25 13:03:42,755 - INFO - Processing akim_mm line: AKIM mm.    0.205     0.300     3.19      7.82     37.8      66.5      49.7      51.4      17.2     ...
2025-10-25 13:03:42,755 - INFO - Found 13 values for akim_mm
2025-10-25 13:03:42,756 - INFO - Processing milm3 line: MİL. M3     0.003     0.005     0.052     0.128     0.620     1.09      0.814     0.843     0.282   ...
2025-10-25 13:03:42,756 - INFO - Found 14 values for milm3
2025-10-25 13:03:42,756 - INFO - Processing ltsnkm2 line: SU YILI  ( 2020 )  YILLIK TOPLAM AKIM  4.02 MİLYON M3         245 MM.        7.8 LT/SN/Km2    ...
2025-10-25 13:03:42,756 - WARNING - Only found 7 values for ltsnkm2, expected 12
2025-10-25 13:03:42,757 - INFO - [OK] Extracted: D14A144 - BEĞERGEN D. AKARÇAY
2025-10-25 13:03:42,757 - INFO -   Annual flow: 0.127 m³/s
2025-10-25 13:03:42,757 - INFO -   Annual total: 2020.0 MİLYON M3
2025-10-25 13:03:42,757 - INFO -   MM total: 3.0
2025-10-25 13:03:42,757 - INFO -   Avg LT/SN/Km2: 245.0
2025-10-25 13:03:42,859 - INFO - Found station D14A146 on page 483
2025-10-25 13:03:42,860 - INFO - Found footer line: SU YILI  ( 2020 )  YILLIK TOPLAM AKIM  4.87 MİLYON M3         230 MM.        7.3 LT/SN/Km2
2025-10-25 13:03:42,861 - INFO - Extracted numbers: ['2020', '4.87', '3', '230', '7.3', '2']
2025-10-25 13:03:42,861 - INFO - Parsed: annual_total=2020.0, mm_total=3.0, avg_ltsnkm2=230.0
2025-10-25 13:03:42,861 - INFO - Processing flow_avg line: ORTALAMA AKIMLAR             : Gözlem süresinde     0.237 m3/sn.    (21 Yıllık )  2020 Su yılında   ...
2025-10-25 13:03:42,861 - WARNING - Only found 8 values for flow_avg, expected 12
2025-10-25 13:03:42,862 - INFO - Processing flow_max line: Maks.       0.090     0.060     0.210     0.250     1.30      1.45      0.720    29.5       0.790   ...
2025-10-25 13:03:42,862 - INFO - Found 13 values for flow_max
2025-10-25 13:03:42,862 - INFO - Processing flow_min line: Min.        0.003     0.015     0.007     0.001     0.015     0.250     0.170     0.040     0.023   ...
2025-10-25 13:03:42,862 - WARNING - Only found 11 values for flow_min, expected 12
2025-10-25 13:03:42,862 - INFO - Processing flow_avg line: Ortalama    0.009     0.025     0.036     0.037     0.336     0.707     0.347     0.226     0.088   ...
2025-10-25 13:03:42,862 - INFO - Found 12 values for flow_avg
2025-10-25 13:03:42,862 - INFO - Processing ltsnkm2 line: LT/SN/Km2   0.415     1.16      1.69      1.76     15.9      33.3      16.3      10.7       4.15    ...
2025-10-25 13:03:42,862 - INFO - Found 13 values for ltsnkm2
2025-10-25 13:03:42,863 - INFO - Processing akim_mm line: AKIM mm.    1.11      3.00      4.53      4.72     39.7      89.3      42.4      28.5      10.8     ...
2025-10-25 13:03:42,863 - INFO - Found 13 values for akim_mm
2025-10-25 13:03:42,863 - INFO - Processing milm3 line: MİL. M3     0.024     0.064     0.096     0.100     0.842     1.89      0.898     0.605     0.228   ...
2025-10-25 13:03:42,863 - INFO - Found 14 values for milm3
2025-10-25 13:03:42,863 - INFO - Processing ltsnkm2 line: SU YILI  ( 2020 )  YILLIK TOPLAM AKIM  4.87 MİLYON M3         230 MM.        7.3 LT/SN/Km2    ...
2025-10-25 13:03:42,863 - WARNING - Only found 7 values for ltsnkm2, expected 12
2025-10-25 13:03:42,863 - INFO - [OK] Extracted: D14A146 - ÇİLKORU D. MUSULLU
2025-10-25 13:03:42,863 - INFO -   Annual flow: 0.154 m³/s
2025-10-25 13:03:42,863 - INFO -   Annual total: 2020.0 MİLYON M3
2025-10-25 13:03:42,863 - INFO -   MM total: 3.0
2025-10-25 13:03:42,863 - INFO -   Avg LT/SN/Km2: 230.0
2025-10-25 13:03:42,930 - INFO - Found station D14A149 on page 484
2025-10-25 13:03:42,930 - INFO - Found footer line: SU YILI  ( 2020 )  YILLIK TOPLAM AKIM  4.79 MİLYON M3         108 MM.        3.4 LT/SN/Km2
2025-10-25 13:03:42,931 - INFO - Extracted numbers: ['2020', '4.79', '3', '108', '3.4', '2']
2025-10-25 13:03:42,931 - INFO - Parsed: annual_total=2020.0, mm_total=3.0, avg_ltsnkm2=108.0
2025-10-25 13:03:42,931 - INFO - Processing flow_avg line: ORTALAMA AKIMLAR             : Gözlem süresinde     0.292 m3/sn.    (19 Yıllık )  2020 Su yılında   ...
2025-10-25 13:03:42,931 - WARNING - Only found 8 values for flow_avg, expected 12
2025-10-25 13:03:42,933 - INFO - Processing flow_max line: Maks.       KURU      0.064     0.084     0.680     3.43      2.06      0.850     2.33      0.416   ...
2025-10-25 13:03:42,933 - WARNING - Only found 10 values for flow_max, expected 12
2025-10-25 13:03:42,933 - INFO - Processing flow_min line: Min.        KURU      KURU      0.014     0.014     0.005     0.169     0.022     0.022     0.022   ...
2025-10-25 13:03:42,933 - WARNING - Only found 8 values for flow_min, expected 12
2025-10-25 13:03:42,933 - INFO - Processing flow_avg line: Ortalama    KURU      0.022     0.029     0.038     0.370     0.850     0.147     0.280     0.079   ...
2025-10-25 13:03:42,933 - WARNING - Only found 9 values for flow_avg, expected 12
2025-10-25 13:03:42,934 - INFO - Processing ltsnkm2 line: LT/SN/Km2   KURU      0.502     0.663     0.864     8.37     19.2       3.33      6.33      1.79    ...
2025-10-25 13:03:42,934 - WARNING - Only found 10 values for ltsnkm2, expected 12
2025-10-25 13:03:42,934 - INFO - Processing akim_mm line: AKIM mm.    KURU      1.30      1.78      2.31     21.0      51.5       8.63     16.9       4.63    ...
2025-10-25 13:03:42,934 - WARNING - Only found 10 values for akim_mm, expected 12
2025-10-25 13:03:42,934 - INFO - Processing milm3 line: MİL. M3     KURU      0.058     0.079     0.102     0.927     2.28      0.381     0.749     0.205   ...
2025-10-25 13:03:42,934 - WARNING - Only found 11 values for milm3, expected 12
2025-10-25 13:03:42,934 - INFO - Processing ltsnkm2 line: SU YILI  ( 2020 )  YILLIK TOPLAM AKIM  4.79 MİLYON M3         108 MM.        3.4 LT/SN/Km2    ...
2025-10-25 13:03:42,934 - WARNING - Only found 7 values for ltsnkm2, expected 12
2025-10-25 13:03:42,934 - INFO - [OK] Extracted: D14A149 - HULAR D. ÇAMAĞZI
2025-10-25 13:03:42,934 - INFO -   Annual flow: 0.151 m³/s
2025-10-25 13:03:42,935 - INFO -   Annual total: 2020.0 MİLYON M3
2025-10-25 13:03:42,935 - INFO -   MM total: 3.0
2025-10-25 13:03:42,935 - INFO -   Avg LT/SN/Km2: 108.0
2025-10-25 13:03:43,044 - INFO - Found station D14A162 on page 486
2025-10-25 13:03:43,045 - INFO - Found footer line: SU YILI  ( 2020 )  YILLIK TOPLAM AKIM  214.45 MİLYON M3         301 MM.        9.5 LT/SN/Km2
2025-10-25 13:03:43,045 - INFO - Extracted numbers: ['2020', '214.45', '3', '301', '9.5', '2']
2025-10-25 13:03:43,045 - INFO - Parsed: annual_total=2020.0, mm_total=3.0, avg_ltsnkm2=301.0
2025-10-25 13:03:43,045 - INFO - Processing flow_avg line: ORTALAMA AKIMLAR             : Gözlem süresinde     7.881 m3/sn.    (16 Yıllık )  2020 Su yılında   ...
2025-10-25 13:03:43,045 - WARNING - Only found 8 values for flow_avg, expected 12
2025-10-25 13:03:43,046 - INFO - Processing flow_max line: Maks.       4.20      4.95      9.29     10.5      24.4      72.5      37.8      47.8      22.5     ...
2025-10-25 13:03:43,046 - INFO - Found 13 values for flow_max
2025-10-25 13:03:43,046 - INFO - Processing flow_min line: Min.        1.07      0.906     1.07      1.18      2.37      5.63     12.7       7.51      1.94    ...
2025-10-25 13:03:43,046 - INFO - Found 13 values for flow_min
2025-10-25 13:03:43,047 - INFO - Processing flow_avg line: Ortalama    1.37      1.29      1.71      2.14      5.66     21.7      19.3      18.0       5.76    ...
2025-10-25 13:03:43,047 - INFO - Found 12 values for flow_avg
2025-10-25 13:03:43,047 - INFO - Processing ltsnkm2 line: LT/SN/Km2   1.92      1.81      2.40      3.00      7.94     30.4      27.1      25.3       8.08    ...
2025-10-25 13:03:43,047 - INFO - Found 13 values for ltsnkm2
2025-10-25 13:03:43,047 - INFO - Processing akim_mm line: AKIM mm.    5.13      4.68      6.42      8.03     19.9      81.5      70.2      67.7      20.9     ...
2025-10-25 13:03:43,047 - INFO - Found 13 values for akim_mm
2025-10-25 13:03:43,047 - INFO - Processing milm3 line: MİL. M3     3.66      3.34      4.57      5.73     14.2      58.1      50.0      48.2      14.9     ...
2025-10-25 13:03:43,047 - INFO - Found 14 values for milm3
2025-10-25 13:03:43,047 - INFO - Processing ltsnkm2 line: SU YILI  ( 2020 )  YILLIK TOPLAM AKIM  214.45 MİLYON M3         301 MM.        9.5 LT/SN/Km2    ...
2025-10-25 13:03:43,047 - WARNING - Only found 7 values for ltsnkm2, expected 12
2025-10-25 13:03:43,047 - INFO - [OK] Extracted: D14A162 - YEŞİLIRMAK KOZLU
2025-10-25 13:03:43,048 - INFO -   Annual flow: 6.783 m³/s
2025-10-25 13:03:43,048 - INFO -   Annual total: 2020.0 MİLYON M3
2025-10-25 13:03:43,048 - INFO -   MM total: 3.0
2025-10-25 13:03:43,048 - INFO -   Avg LT/SN/Km2: 301.0
2025-10-25 13:03:43,182 - INFO - Found station D14A172 on page 489
2025-10-25 13:03:43,182 - INFO - Found footer line: SU YILI  ( 2020 )  YILLIK TOPLAM AKIM  1612.10 MİLYON M3         151 MM.        4.8 LT/SN/Km2
2025-10-25 13:03:43,183 - INFO - Extracted numbers: ['2020', '1612.10', '3', '151', '4.8', '2']
2025-10-25 13:03:43,183 - INFO - Parsed: annual_total=2020.0, mm_total=3.0, avg_ltsnkm2=151.0
2025-10-25 13:03:43,183 - INFO - Processing flow_avg line: ORTALAMA AKIMLAR             : Gözlem süresinde     63.826 m3/sn.    (6 Yıllık )  2020 Su yılında   ...
2025-10-25 13:03:43,183 - WARNING - Only found 8 values for flow_avg, expected 12
2025-10-25 13:03:43,183 - INFO - Processing flow_max line: Maks.     194.      206.      215.      197.      197.      212.      210.      197.      201.      ...
2025-10-25 13:03:43,183 - INFO - Found 13 values for flow_max
2025-10-25 13:03:43,184 - INFO - Processing flow_min line: Min.       11.3      11.2      11.0      11.0      11.2      11.3      11.5      11.3      11.5     ...
2025-10-25 13:03:43,184 - INFO - Found 13 values for flow_min
2025-10-25 13:03:43,184 - INFO - Processing flow_avg line: Ortalama   62.8      58.9      49.2      36.0      51.3      60.9      34.6      47.5      58.2     ...
2025-10-25 13:03:43,184 - INFO - Found 12 values for flow_avg
2025-10-25 13:03:43,184 - INFO - Processing ltsnkm2 line: LT/SN/Km2   5.88      5.50      4.60      3.37      4.80      5.70      3.23      4.44      5.44    ...
2025-10-25 13:03:43,184 - INFO - Found 13 values for ltsnkm2
2025-10-25 13:03:43,184 - INFO - Processing akim_mm line: AKIM mm.   15.7      14.3      12.3       9.03     12.0      15.3       8.38     11.9      14.1     ...
2025-10-25 13:03:43,184 - INFO - Found 13 values for akim_mm
2025-10-25 13:03:43,184 - INFO - Processing milm3 line: MİL. M3   168.      153.      132.       96.5     129.      163.       89.6     127.      151.      ...
2025-10-25 13:03:43,184 - INFO - Found 14 values for milm3
2025-10-25 13:03:43,184 - INFO - Processing ltsnkm2 line: SU YILI  ( 2020 )  YILLIK TOPLAM AKIM  1612.10 MİLYON M3         151 MM.        4.8 LT/SN/Km2    ...
2025-10-25 13:03:43,185 - WARNING - Only found 7 values for ltsnkm2, expected 12
2025-10-25 13:03:43,185 - INFO - [OK] Extracted: D14A172 - KELKİT Ç. TEPEKIŞLA
2025-10-25 13:03:43,185 - INFO -   Annual flow: 50.962 m³/s
2025-10-25 13:03:43,185 - INFO -   Annual total: 2020.0 MİLYON M3
2025-10-25 13:03:43,185 - INFO -   MM total: 3.0
2025-10-25 13:03:43,185 - INFO -   Avg LT/SN/Km2: 151.0
2025-10-25 13:03:44,333 - INFO - Found station D14A192 on page 504
2025-10-25 13:03:44,334 - INFO - Found footer line: SU YILI  ( 2020 )  YILLIK TOPLAM AKIM  2047.00 MİLYON M3         189 MM.        6.0 LT/SN/Km2
2025-10-25 13:03:44,334 - INFO - Extracted numbers: ['2020', '2047.00', '3', '189', '6.0', '2']
2025-10-25 13:03:44,334 - INFO - Parsed: annual_total=2020.0, mm_total=3.0, avg_ltsnkm2=189.0
2025-10-25 13:03:44,334 - INFO - Processing flow_avg line: ORTALAMA AKIMLAR             : Gözlem süresinde     64.010 m3/sn.    (5 Yıllık )  2020 Su yılında   ...
2025-10-25 13:03:44,334 - WARNING - Only found 8 values for flow_avg, expected 12
2025-10-25 13:03:44,335 - INFO - Processing flow_max line: Maks.      84.7      91.3      90.5      80.6      93.0     102.       79.8      89.6      91.3     ...
2025-10-25 13:03:44,335 - INFO - Found 13 values for flow_max
2025-10-25 13:03:44,335 - INFO - Processing flow_min line: Min.       59.9      35.7      10.4      12.4      34.0      21.4       8.29     22.3      38.6     ...
2025-10-25 13:03:44,335 - INFO - Found 13 values for flow_min
2025-10-25 13:03:44,336 - INFO - Processing flow_avg line: Ortalama   70.2      74.3      59.5      51.2      65.6      73.1      48.0      62.0      72.1     ...
2025-10-25 13:03:44,336 - INFO - Found 12 values for flow_avg
2025-10-25 13:03:44,336 - INFO - Processing ltsnkm2 line: LT/SN/Km2   6.49      6.87      5.50      4.73      6.07      6.76      4.44      5.73      6.67    ...
2025-10-25 13:03:44,336 - INFO - Found 13 values for ltsnkm2
2025-10-25 13:03:44,336 - INFO - Processing akim_mm line: AKIM mm.   17.4      17.8      14.7      12.7      15.2      18.1      11.5      15.4      17.3     ...
2025-10-25 13:03:44,337 - INFO - Found 13 values for akim_mm
2025-10-25 13:03:44,337 - INFO - Processing milm3 line: MİL. M3   188.      192.      159.      137.      164.      196.      124.      166.      187.      ...
2025-10-25 13:03:44,337 - INFO - Found 14 values for milm3
2025-10-25 13:03:44,337 - INFO - Processing ltsnkm2 line: SU YILI  ( 2020 )  YILLIK TOPLAM AKIM  2047.00 MİLYON M3         189 MM.        6.0 LT/SN/Km2    ...
2025-10-25 13:03:44,337 - WARNING - Only found 7 values for ltsnkm2, expected 12
2025-10-25 13:03:44,338 - INFO - [OK] Extracted: D14A192 - KELKİT N. BUZKÖY
2025-10-25 13:03:44,338 - INFO -   Annual flow: 64.762 m³/s
2025-10-25 13:03:44,338 - INFO -   Annual total: 2020.0 MİLYON M3
2025-10-25 13:03:44,338 - INFO -   MM total: 3.0
2025-10-25 13:03:44,338 - INFO -   Avg LT/SN/Km2: 189.0
2025-10-25 13:03:46,508 - INFO - Found station D22A093 on page 583
2025-10-25 13:03:46,508 - INFO - [OK] Extracted: D22A093 - Turna Suyu Cumhuriyet Köyü……………………… 432
2025-10-25 13:03:46,520 - INFO - Found station D22A158 on page 584
2025-10-25 13:03:46,521 - INFO - [OK] Extracted: D22A158 - Ceviz D. Çınarcık………………………………………… 469
2025-10-25 13:03:52,611 - INFO - Found station D22A093 on page 863
2025-10-25 13:03:52,612 - INFO - Found footer line: SU YILI  ( 2020 )  YILLIK TOPLAM AKIM  149.05 MİLYON M3         710 MM.        22.4 LT/SN/Km2
2025-10-25 13:03:52,612 - INFO - Extracted numbers: ['2020', '149.05', '3', '710', '22.4', '2']
2025-10-25 13:03:52,612 - INFO - Parsed: annual_total=2020.0, mm_total=3.0, avg_ltsnkm2=710.0
2025-10-25 13:03:52,612 - INFO - Processing flow_avg line: ORTALAMA AKIMLAR             : Gözlem süresinde     5.014 m3/sn.    (25 Yıllık )  2020 Su yılında   ...
2025-10-25 13:03:52,613 - WARNING - Only found 8 values for flow_avg, expected 12
2025-10-25 13:03:52,613 - INFO - Processing flow_max line: Maks.       5.08     27.8      16.9      12.5      44.7      26.8      13.0      40.3      14.7     ...
2025-10-25 13:03:52,613 - INFO - Found 13 values for flow_max
2025-10-25 13:03:52,613 - INFO - Processing flow_min line: Min.        0.628     0.479     0.917     2.21      3.76      4.29      2.21      0.720     0.720   ...
2025-10-25 13:03:52,614 - INFO - Found 13 values for flow_min
2025-10-25 13:03:52,614 - INFO - Processing flow_avg line: Ortalama    1.71      2.43      3.40      4.37     10.6      13.6       4.78      7.34      2.62    ...
2025-10-25 13:03:52,614 - INFO - Found 12 values for flow_avg
2025-10-25 13:03:52,614 - INFO - Processing ltsnkm2 line: LT/SN/Km2   8.16     11.6      16.2      20.8      50.3      64.6      22.7      35.0      12.5     ...
2025-10-25 13:03:52,614 - INFO - Found 13 values for ltsnkm2
2025-10-25 13:03:52,615 - INFO - Processing akim_mm line: AKIM mm.   21.9      30.0      43.3      55.7     126.      173.       58.9      93.6      32.3     ...
2025-10-25 13:03:52,615 - INFO - Found 13 values for akim_mm
2025-10-25 13:03:52,615 - INFO - Processing milm3 line: MİL. M3     4.59      6.31      9.10     11.7      26.5      36.3      12.4      19.7       6.79    ...
2025-10-25 13:03:52,615 - INFO - Found 14 values for milm3
2025-10-25 13:03:52,615 - INFO - Processing ltsnkm2 line: SU YILI  ( 2020 )  YILLIK TOPLAM AKIM  149.05 MİLYON M3         710 MM.        22.4 LT/SN/Km2    ...
2025-10-25 13:03:52,615 - WARNING - Only found 7 values for ltsnkm2, expected 12
2025-10-25 13:03:52,616 - INFO - [OK] Extracted: D22A093 - TURNASUYU CUMHURİYET KÖYÜ
2025-10-25 13:03:52,616 - INFO -   Annual flow: 4.711 m³/s
2025-10-25 13:03:52,616 - INFO -   Annual total: 2020.0 MİLYON M3
2025-10-25 13:03:52,616 - INFO -   MM total: 3.0
2025-10-25 13:03:52,616 - INFO -   Avg LT/SN/Km2: 710.0
2025-10-25 13:03:52,660 - INFO - Found station D22A095 on page 864
2025-10-25 13:03:52,661 - INFO - Found footer line: SU YILI  ( 2020 )  YILLIK TOPLAM AKIM  32.93 MİLYON M3         299 MM.        9.5 LT/SN/Km2
2025-10-25 13:03:52,661 - INFO - Extracted numbers: ['2020', '32.93', '3', '299', '9.5', '2']
2025-10-25 13:03:52,661 - INFO - Parsed: annual_total=2020.0, mm_total=3.0, avg_ltsnkm2=299.0
2025-10-25 13:03:52,661 - INFO - Processing flow_avg line: ORTALAMA AKIMLAR             : Gözlem süresinde     1.306 m3/sn.    (17 Yıllık )  2020 Su yılında   ...
2025-10-25 13:03:52,661 - WARNING - Only found 8 values for flow_avg, expected 12
2025-10-25 13:03:52,662 - INFO - Processing flow_max line: Maks.       0.197     0.197     0.216     0.132     0.717     4.00      8.32      9.72      2.10    ...
2025-10-25 13:03:52,662 - INFO - Found 13 values for flow_max
2025-10-25 13:03:52,662 - INFO - Processing flow_min line: Min.        0.124     0.115     0.124     0.124     0.083     0.188     1.68      1.82      0.456   ...
2025-10-25 13:03:52,662 - INFO - Found 13 values for flow_min
2025-10-25 13:03:52,663 - INFO - Processing flow_avg line: Ortalama    0.136     0.145     0.161     0.125     0.164     1.24      3.97      5.14      0.830   ...
2025-10-25 13:03:52,663 - INFO - Found 12 values for flow_avg
2025-10-25 13:03:52,663 - INFO - Processing ltsnkm2 line: LT/SN/Km2   1.24      1.32      1.47      1.13      1.49     11.3      36.1      46.8       7.55    ...
2025-10-25 13:03:52,663 - INFO - Found 13 values for ltsnkm2
2025-10-25 13:03:52,663 - INFO - Processing akim_mm line: AKIM mm.    3.32      3.41      3.93      3.03      3.73     30.2      93.5     125.       19.6     ...
2025-10-25 13:03:52,663 - INFO - Found 13 values for akim_mm
2025-10-25 13:03:52,663 - INFO - Processing milm3 line: MİL. M3     0.365     0.375     0.432     0.334     0.410     3.33     10.3      13.8       2.15    ...
2025-10-25 13:03:52,664 - INFO - Found 14 values for milm3
2025-10-25 13:03:52,664 - INFO - Processing ltsnkm2 line: SU YILI  ( 2020 )  YILLIK TOPLAM AKIM  32.93 MİLYON M3         299 MM.        9.5 LT/SN/Km2    ...
2025-10-25 13:03:52,664 - WARNING - Only found 7 values for ltsnkm2, expected 12
2025-10-25 13:03:52,664 - INFO - [OK] Extracted: D22A095 - YAYLA D. SÖĞÜTAĞIL
2025-10-25 13:03:52,664 - INFO -   Annual flow: 1.04 m³/s
2025-10-25 13:03:52,664 - INFO -   Annual total: 2020.0 MİLYON M3
2025-10-25 13:03:52,664 - INFO -   MM total: 3.0
2025-10-25 13:03:52,664 - INFO -   Avg LT/SN/Km2: 299.0
2025-10-25 13:03:52,820 - INFO - Found station D22A105 on page 868
2025-10-25 13:03:52,821 - INFO - Found footer line: SU YILI  ( 2020 )  YILLIK TOPLAM AKIM  71.60 MİLYON M3         961 MM.        30.4 LT/SN/Km2
2025-10-25 13:03:52,821 - INFO - Extracted numbers: ['2020', '71.60', '3', '961', '30.4', '2']
2025-10-25 13:03:52,821 - INFO - Parsed: annual_total=2020.0, mm_total=3.0, avg_ltsnkm2=961.0
2025-10-25 13:03:52,822 - INFO - Processing flow_avg line: ORTALAMA AKIMLAR             : Gözlem süresinde     2.497 m3/sn.    (17 Yıllık )  2020 Su yılında   ...
2025-10-25 13:03:52,822 - WARNING - Only found 8 values for flow_avg, expected 12
2025-10-25 13:03:52,823 - INFO - Processing flow_max line: Maks.      25.1      22.5      29.0      33.8      38.2      24.5      16.5      23.8       8.56    ...
2025-10-25 13:03:52,823 - INFO - Found 13 values for flow_max
2025-10-25 13:03:52,824 - INFO - Processing flow_min line: Min.        0.370     0.160     0.220     0.740     1.60      0.920     0.820     0.660     0.330   ...
2025-10-25 13:03:52,824 - INFO - Found 13 values for flow_min
2025-10-25 13:03:52,824 - INFO - Processing flow_avg line: Ortalama    1.30      1.22      1.95      3.88      6.77      5.11      2.35      2.41      0.880   ...
2025-10-25 13:03:52,824 - INFO - Found 12 values for flow_avg
2025-10-25 13:03:52,824 - INFO - Processing ltsnkm2 line: LT/SN/Km2  17.5      16.4      26.2      52.0      90.8      68.6      31.6      32.3      11.8     ...
2025-10-25 13:03:52,825 - INFO - Found 13 values for ltsnkm2
2025-10-25 13:03:52,825 - INFO - Processing akim_mm line: AKIM mm.   46.9      42.6      70.1     139.      228.      184.       81.8      86.6      30.6     ...
2025-10-25 13:03:52,825 - INFO - Found 13 values for akim_mm
2025-10-25 13:03:52,825 - INFO - Processing milm3 line: MİL. M3     3.49      3.17      5.22     10.4      17.0      13.7       6.09      6.45      2.28    ...
2025-10-25 13:03:52,825 - INFO - Found 14 values for milm3
2025-10-25 13:03:52,825 - INFO - Processing ltsnkm2 line: SU YILI  ( 2020 )  YILLIK TOPLAM AKIM  71.60 MİLYON M3         961 MM.        30.4 LT/SN/Km2    ...
2025-10-25 13:03:52,825 - WARNING - Only found 7 values for ltsnkm2, expected 12
2025-10-25 13:03:52,826 - INFO - [OK] Extracted: D22A105 - DEĞİRMEN D. SALIPAZARI
2025-10-25 13:03:52,826 - INFO -   Annual flow: 2.262 m³/s
2025-10-25 13:03:52,826 - INFO -   Annual total: 2020.0 MİLYON M3
2025-10-25 13:03:52,826 - INFO -   MM total: 3.0
2025-10-25 13:03:52,826 - INFO -   Avg LT/SN/Km2: 961.0
2025-10-25 13:03:52,866 - INFO - Found station D22A106 on page 869
2025-10-25 13:03:52,867 - INFO - Found footer line: SU YILI  ( 2020 )  YILLIK TOPLAM AKIM  91.60 MİLYON M3         751 MM.        23.7 LT/SN/Km2
2025-10-25 13:03:52,867 - INFO - Extracted numbers: ['2020', '91.60', '3', '751', '23.7', '2']
2025-10-25 13:03:52,867 - INFO - Parsed: annual_total=2020.0, mm_total=3.0, avg_ltsnkm2=751.0
2025-10-25 13:03:52,868 - INFO - Processing flow_avg line: ORTALAMA AKIMLAR             : Gözlem süresinde     3.209 m3/sn.    (12 Yıllık )  2020 Su yılında   ...
2025-10-25 13:03:52,868 - WARNING - Only found 8 values for flow_avg, expected 12
2025-10-25 13:03:52,868 - INFO - Processing flow_max line: Maks.      28.1      31.7       7.78     19.1      24.5      11.5       8.26     18.5       3.35    ...
2025-10-25 13:03:52,869 - INFO - Found 13 values for flow_max
2025-10-25 13:03:52,869 - INFO - Processing flow_min line: Min.        1.13      0.519     0.519     1.81      2.21      3.43      2.26      1.29      1.13    ...
2025-10-25 13:03:52,869 - INFO - Found 13 values for flow_min
2025-10-25 13:03:52,869 - INFO - Processing flow_avg line: Ortalama    2.86      2.02      1.52      3.15      5.30      6.19      4.27      4.20      1.40    ...
2025-10-25 13:03:52,869 - INFO - Found 12 values for flow_avg
2025-10-25 13:03:52,869 - INFO - Processing ltsnkm2 line: LT/SN/Km2  23.4      16.5      12.4      25.8      43.4      50.8      35.0      34.5      11.5     ...
2025-10-25 13:03:52,869 - INFO - Found 13 values for ltsnkm2
2025-10-25 13:03:52,869 - INFO - Processing akim_mm line: AKIM mm.   62.7      42.9      33.3      69.1     109.      136.       90.7      92.3      29.8     ...
2025-10-25 13:03:52,869 - INFO - Found 13 values for akim_mm
2025-10-25 13:03:52,870 - INFO - Processing milm3 line: MİL. M3     7.65      5.23      4.06      8.43     13.3      16.6      11.1      11.3       3.64    ...
2025-10-25 13:03:52,870 - INFO - Found 14 values for milm3
2025-10-25 13:03:52,870 - INFO - Processing ltsnkm2 line: SU YILI  ( 2020 )  YILLIK TOPLAM AKIM  91.60 MİLYON M3         751 MM.        23.7 LT/SN/Km2    ...
2025-10-25 13:03:52,870 - WARNING - Only found 7 values for ltsnkm2, expected 12
2025-10-25 13:03:52,870 - INFO - [OK] Extracted: D22A106 - BATLAMA D. ÇUKURKÖY
2025-10-25 13:03:52,870 - INFO -   Annual flow: 2.893 m³/s
2025-10-25 13:03:52,870 - INFO -   Annual total: 2020.0 MİLYON M3
2025-10-25 13:03:52,870 - INFO -   MM total: 3.0
2025-10-25 13:03:52,870 - INFO -   Avg LT/SN/Km2: 751.0
2025-10-25 13:03:53,045 - INFO - Found station D22A116 on page 874
2025-10-25 13:03:53,046 - INFO - Processing flow_avg line: ORTALAMA AKIMLAR             : Gözlem süresinde     ----- m3/sn.    (10 Yıllık )  2020 Su yılında   ...
2025-10-25 13:03:53,046 - WARNING - Only found 6 values for flow_avg, expected 12
2025-10-25 13:03:53,047 - INFO - Processing flow_max line: Maks.      36.0     166.       45.1      57.6     143.       82.3      50.7     126.       31.3     ...
2025-10-25 13:03:53,047 - WARNING - Only found 11 values for flow_max, expected 12
2025-10-25 13:03:53,047 - INFO - Processing flow_min line: Min.        2.22      2.11      2.11      3.25      5.02      6.57      8.20      6.79      2.68    ...
2025-10-25 13:03:53,047 - WARNING - Only found 11 values for flow_min, expected 12
2025-10-25 13:03:53,047 - INFO - Processing flow_avg line: Ortalama    5.69     12.9       6.01     10.1      24.0      36.9      26.1      43.1      11.9     ...
2025-10-25 13:03:53,048 - WARNING - Only found 10 values for flow_avg, expected 12
2025-10-25 13:03:53,048 - INFO - Processing ltsnkm2 line: LT/SN/Km2   6.44     14.6       6.80     11.5      27.1      41.8      29.5      48.7      13.4     ...
2025-10-25 13:03:53,048 - WARNING - Only found 11 values for ltsnkm2, expected 12
2025-10-25 13:03:53,048 - INFO - Processing akim_mm line: AKIM mm.   17.3      37.9      18.2      30.7      68.0     112.       76.4     131.       34.8     ...
2025-10-25 13:03:53,048 - WARNING - Only found 11 values for akim_mm, expected 12
2025-10-25 13:03:53,048 - INFO - Processing milm3 line: MİL. M3    15.3      33.5      16.1      27.1      60.1      98.9      67.5     115.       30.7     ...
2025-10-25 13:03:53,048 - INFO - Found 12 values for milm3
2025-10-25 13:03:53,049 - INFO - [OK] Extracted: D22A116 - AKSU D. ÜLPER
2025-10-25 13:03:54,011 - INFO - Found station D22A158 on page 900
2025-10-25 13:03:54,011 - INFO - Found footer line: SU YILI  ( 2020 )  YILLIK TOPLAM AKIM  138.47 MİLYON M3         505 MM.        16.0 LT/SN/Km2
2025-10-25 13:03:54,011 - INFO - Extracted numbers: ['2020', '138.47', '3', '505', '16.0', '2']
2025-10-25 13:03:54,011 - INFO - Parsed: annual_total=2020.0, mm_total=3.0, avg_ltsnkm2=505.0
2025-10-25 13:03:54,012 - INFO - Processing flow_avg line: ORTALAMA AKIMLAR             : Gözlem süresinde     5.088 m3/sn.    (2 Yıllık )  2020 Su yılında    ...
2025-10-25 13:03:54,012 - WARNING - Only found 8 values for flow_avg, expected 12
2025-10-25 13:03:54,012 - INFO - Processing flow_max line: Maks.       1.68     12.4      13.9      21.9      53.5      27.8      10.5      13.9      29.1     ...
2025-10-25 13:03:54,013 - INFO - Found 13 values for flow_max
2025-10-25 13:03:54,013 - INFO - Processing flow_min line: Min.        0.636     0.636     1.08      2.88      2.04      3.88      2.04      1.20      1.36    ...
2025-10-25 13:03:54,013 - INFO - Found 13 values for flow_min
2025-10-25 13:03:54,013 - INFO - Processing flow_avg line: Ortalama    0.993     1.92      3.72      5.66     15.5      10.1       4.07      3.39      3.42    ...
2025-10-25 13:03:54,013 - INFO - Found 12 values for flow_avg
2025-10-25 13:03:54,013 - INFO - Processing ltsnkm2 line: LT/SN/Km2   3.62      7.00     13.6      20.6      56.5      36.7      14.8      12.3      12.5     ...
2025-10-25 13:03:54,013 - INFO - Found 13 values for ltsnkm2
2025-10-25 13:03:54,013 - INFO - Processing akim_mm line: AKIM mm.    9.70     18.1      36.3      55.3     142.       98.2      38.4      33.1      32.3     ...
2025-10-25 13:03:54,013 - INFO - Found 13 values for akim_mm
2025-10-25 13:03:54,014 - INFO - Processing milm3 line: MİL. M3     2.66      4.98      9.96     15.2      38.9      26.9      10.5       9.07      8.86    ...
2025-10-25 13:03:54,014 - INFO - Found 14 values for milm3
2025-10-25 13:03:54,014 - INFO - Processing ltsnkm2 line: SU YILI  ( 2020 )  YILLIK TOPLAM AKIM  138.47 MİLYON M3         505 MM.        16.0 LT/SN/Km2    ...
2025-10-25 13:03:54,014 - WARNING - Only found 7 values for ltsnkm2, expected 12
2025-10-25 13:03:54,014 - INFO - [OK] Extracted: D22A158 - CEVİZ D. ÇINARCIK
2025-10-25 13:03:54,014 - INFO -   Annual flow: 4.38 m³/s
2025-10-25 13:03:54,014 - INFO -   Annual total: 2020.0 MİLYON M3
2025-10-25 13:03:54,015 - INFO -   MM total: 3.0
2025-10-25 13:03:54,015 - INFO -   Avg LT/SN/Km2: 505.0
2025-10-25 13:03:54,355 - INFO - Found station E22A054 on page 909
2025-10-25 13:03:54,355 - INFO - Found footer line: SU YILI  ( 2020 )  YILLIK TOPLAM AKIM  177.03 MİLYON M3         797 MM.        25.2 LT/SN/Km2
2025-10-25 13:03:54,356 - INFO - Extracted numbers: ['2020', '177.03', '3', '797', '25.2', '2']
2025-10-25 13:03:54,356 - INFO - Parsed: annual_total=2020.0, mm_total=3.0, avg_ltsnkm2=797.0
2025-10-25 13:03:54,356 - INFO - Processing flow_avg line: ORTALAMA AKIMLAR             : Gözlem süresinde     5.168 m3/sn.    (23 Yıllık )  2020 Su yılında   ...
2025-10-25 13:03:54,356 - WARNING - Only found 8 values for flow_avg, expected 12
2025-10-25 13:03:54,357 - INFO - Processing flow_max line: Maks.     121.      112.      102.       63.2      75.3     108.       11.7     105.       18.8     ...
2025-10-25 13:03:54,357 - INFO - Found 13 values for flow_max
2025-10-25 13:03:54,357 - INFO - Processing flow_min line: Min.        0.584     0.678     0.776     2.89      7.27      2.89      1.48      0.776     0.584   ...
2025-10-25 13:03:54,358 - INFO - Found 13 values for flow_min
2025-10-25 13:03:54,358 - INFO - Processing flow_avg line: Ortalama    2.42      3.85      6.59     11.9      17.7      10.4       3.27      4.76      2.25    ...
2025-10-25 13:03:54,358 - INFO - Found 12 values for flow_avg
2025-10-25 13:03:54,358 - INFO - Processing ltsnkm2 line: LT/SN/Km2  10.9      17.3      29.7      53.5      79.8      46.7      14.7      21.4      10.1     ...
2025-10-25 13:03:54,358 - INFO - Found 13 values for ltsnkm2
2025-10-25 13:03:54,358 - INFO - Processing akim_mm line: AKIM mm.   29.2      44.9      79.4     143.      200.      125.       38.2      57.4      26.3     ...
2025-10-25 13:03:54,358 - INFO - Found 13 values for akim_mm
2025-10-25 13:03:54,358 - INFO - Processing milm3 line: MİL. M3     6.48      9.97     17.7      31.8      44.4      27.8       8.48     12.8       5.84    ...
2025-10-25 13:03:54,358 - INFO - Found 14 values for milm3
2025-10-25 13:03:54,359 - INFO - Processing ltsnkm2 line: SU YILI  ( 2020 )  YILLIK TOPLAM AKIM  177.03 MİLYON M3         797 MM.        25.2 LT/SN/Km2    ...
2025-10-25 13:03:54,359 - WARNING - Only found 7 values for ltsnkm2, expected 12
2025-10-25 13:03:54,359 - INFO - [OK] Extracted: E22A054 - AKÇAY DURAKLI
2025-10-25 13:03:54,359 - INFO -   Annual flow: 5.597 m³/s
2025-10-25 13:03:54,359 - INFO -   Annual total: 2020.0 MİLYON M3
2025-10-25 13:03:54,359 - INFO -   MM total: 3.0
2025-10-25 13:03:54,359 - INFO -   Avg LT/SN/Km2: 797.0
2025-10-25 13:03:54,533 - INFO - Found station E22A065 on page 913
2025-10-25 13:03:54,534 - INFO - Found footer line: SU YILI  ( 2020 )  YILLIK TOPLAM AKIM  158.30 MİLYON M3         410 MM.        13.0 LT/SN/Km2
2025-10-25 13:03:54,534 - INFO - Extracted numbers: ['2020', '158.30', '3', '410', '13.0', '2']
2025-10-25 13:03:54,534 - INFO - Parsed: annual_total=2020.0, mm_total=3.0, avg_ltsnkm2=410.0
2025-10-25 13:03:54,534 - INFO - Processing flow_avg line: ORTALAMA AKIMLAR             : Gözlem süresinde     6.228 m3/sn.    (13 Yıllık )  2020 Su yılında   ...
2025-10-25 13:03:54,535 - WARNING - Only found 8 values for flow_avg, expected 12
2025-10-25 13:03:54,535 - INFO - Processing flow_max line: Maks.       5.85     31.8      20.7      34.2      76.9      18.1      14.5      16.3      35.4     ...
2025-10-25 13:03:54,535 - INFO - Found 13 values for flow_max
2025-10-25 13:03:54,536 - INFO - Processing flow_min line: Min.        1.23      1.23      1.23      2.26      7.72      6.32      3.77      0.723     0.642   ...
2025-10-25 13:03:54,536 - INFO - Found 13 values for flow_min
2025-10-25 13:03:54,536 - INFO - Processing flow_avg line: Ortalama    2.12      3.06      4.52      6.63     15.6      11.1       5.57      4.44      4.54    ...
2025-10-25 13:03:54,536 - INFO - Found 12 values for flow_avg
2025-10-25 13:03:54,536 - INFO - Processing ltsnkm2 line: LT/SN/Km2   5.49      7.91     11.7      17.2      40.4      28.6      14.4      11.5      11.7     ...
2025-10-25 13:03:54,536 - INFO - Found 13 values for ltsnkm2
2025-10-25 13:03:54,536 - INFO - Processing akim_mm line: AKIM mm.   14.7      20.5      31.4      46.0     101.       76.7      37.4      30.8      30.4     ...
2025-10-25 13:03:54,536 - INFO - Found 13 values for akim_mm
2025-10-25 13:03:54,536 - INFO - Processing milm3 line: MİL. M3     5.68      7.93     12.1      17.8      39.1      29.6      14.4      11.9      11.8     ...
2025-10-25 13:03:54,536 - INFO - Found 14 values for milm3
2025-10-25 13:03:54,536 - INFO - Processing ltsnkm2 line: SU YILI  ( 2020 )  YILLIK TOPLAM AKIM  158.30 MİLYON M3         410 MM.        13.0 LT/SN/Km2    ...
2025-10-25 13:03:54,537 - WARNING - Only found 7 values for ltsnkm2, expected 12
2025-10-25 13:03:54,537 - INFO - [OK] Extracted: E22A065 - ELEKÇİ DERESİ BOZDAĞI
2025-10-25 13:03:54,537 - INFO -   Annual flow: 5.005 m³/s
2025-10-25 13:03:54,537 - INFO -   Annual total: 2020.0 MİLYON M3
2025-10-25 13:03:54,537 - INFO -   MM total: 3.0
2025-10-25 13:03:54,537 - INFO -   Avg LT/SN/Km2: 410.0
2025-10-25 13:04:43,931 - INFO - Processing dsi_2020.pdf with HYBRID method...
2025-10-25 13:04:44,127 - INFO - Found station D14A011 on page 23
2025-10-25 13:04:44,129 - INFO - [OK] Extracted: D14A011 - Ladik Gölü Reg.Çıkışı…………………………………… 433
2025-10-25 13:04:44,137 - INFO - Found station D14A117 on page 24
2025-10-25 13:04:44,138 - INFO - [OK] Extracted: D14A117 - Çilkoru D. Gökdere…………………………………………… 446
2025-10-25 13:04:56,741 - INFO - Found station D14A011 on page 462
2025-10-25 13:04:56,742 - INFO - Found footer line: SU YILI  ( 2020 )  YILLIK TOPLAM AKIM  66.32 MİLYON M3         457 MM.        14.5 LT/SN/Km2
2025-10-25 13:04:56,742 - INFO - Extracted numbers: ['2020', '66.32', '3', '457', '14.5', '2']
2025-10-25 13:04:56,742 - INFO - Parsed: annual_total=66.32, mm_total=457.0, avg_ltsnkm2=14.5
2025-10-25 13:04:56,743 - INFO - Processing flow_avg line: ORTALAMA AKIMLAR             : Gözlem süresinde     1.723 m3/sn.    (36 Yıllık )  2020 Su yılında   ...
2025-10-25 13:04:56,743 - WARNING - Only found 8 values for flow_avg, expected 12
2025-10-25 13:04:56,744 - INFO - Processing flow_max line: Maks.       0.582     0.495     0.273     0.164     0.164     0.120     3.76      6.99     12.5     ...
2025-10-25 13:04:56,744 - INFO - Found 13 values for flow_max
2025-10-25 13:04:56,744 - INFO - Processing flow_min line: Min.        0.340     0.216     0.120     0.057     0.057     0.037     0.084     0.674     0.001   ...
2025-10-25 13:04:56,744 - INFO - Found 13 values for flow_min
2025-10-25 13:04:56,744 - INFO - Processing flow_avg line: Ortalama    0.486     0.433     0.201     0.083     0.131     0.074     1.53      2.02      2.32    ...
2025-10-25 13:04:56,744 - INFO - Found 12 values for flow_avg
2025-10-25 13:04:56,744 - INFO - Processing ltsnkm2 line: LT/SN/Km2   3.35      2.99      1.39      0.570     0.904     0.510    10.6      13.9      16.0     ...
2025-10-25 13:04:56,744 - INFO - Found 13 values for ltsnkm2
2025-10-25 13:04:56,744 - INFO - Processing akim_mm line: AKIM mm.    8.96      7.74      3.72      1.53      2.27      1.36     27.4      37.2      41.5     ...
2025-10-25 13:04:56,745 - INFO - Found 13 values for akim_mm
2025-10-25 13:04:56,745 - INFO - Processing milm3 line: MİL. M3     1.30      1.12      0.539     0.222     0.329     0.198     3.97      5.40      6.02    ...
2025-10-25 13:04:56,745 - INFO - Found 14 values for milm3
2025-10-25 13:04:56,745 - INFO - Processing ltsnkm2 line: SU YILI  ( 2020 )  YILLIK TOPLAM AKIM  66.32 MİLYON M3         457 MM.        14.5 LT/SN/Km2    ...
2025-10-25 13:04:56,745 - WARNING - Only found 7 values for ltsnkm2, expected 12
2025-10-25 13:04:56,745 - INFO - [OK] Extracted: D14A011 - LADİK G. REG. ÇIKIŞI
2025-10-25 13:04:56,745 - INFO -   Annual flow: 2.097 m³/s
2025-10-25 13:04:56,745 - INFO -   Annual total: 66.32 MİLYON M3
2025-10-25 13:04:56,745 - INFO -   MM total: 457.0
2025-10-25 13:04:56,745 - INFO -   Avg LT/SN/Km2: 14.5
2025-10-25 13:04:57,588 - INFO - Found station D14A117 on page 475
2025-10-25 13:04:57,588 - INFO - Found footer line: SU YILI  ( 2020 )  YILLIK TOPLAM AKIM  9.91 MİLYON M3         127 MM.        4.0 LT/SN/Km2
2025-10-25 13:04:57,589 - INFO - Extracted numbers: ['2020', '9.91', '3', '127', '4.0', '2']
2025-10-25 13:04:57,589 - INFO - Parsed: annual_total=9.91, mm_total=127.0, avg_ltsnkm2=4.0
2025-10-25 13:04:57,589 - INFO - Processing flow_avg line: ORTALAMA AKIMLAR             : Gözlem süresinde     0.572 m3/sn.    (33 Yıllık )  2020 Su yılında   ...
2025-10-25 13:04:57,589 - WARNING - Only found 8 values for flow_avg, expected 12
2025-10-25 13:04:57,590 - INFO - Processing flow_max line: Maks.       0.130     0.170     0.220     0.220     3.60      2.40      1.12      0.735     0.735   ...
2025-10-25 13:04:57,591 - INFO - Found 13 values for flow_max
2025-10-25 13:04:57,591 - INFO - Processing flow_min line: Min.        0.049     0.100     0.100     0.049     0.070     0.735     0.260     0.130     0.100   ...
2025-10-25 13:04:57,591 - INFO - Found 13 values for flow_min
2025-10-25 13:04:57,591 - INFO - Processing flow_avg line: Ortalama    0.077     0.115     0.131     0.071     0.680     1.33      0.505     0.310     0.235   ...
2025-10-25 13:04:57,591 - INFO - Found 12 values for flow_avg
2025-10-25 13:04:57,592 - INFO - Processing ltsnkm2 line: LT/SN/Km2   0.988     1.47      1.68      0.912     8.71     17.1       6.47      3.98      3.01    ...
2025-10-25 13:04:57,592 - INFO - Found 13 values for ltsnkm2
2025-10-25 13:04:57,592 - INFO - Processing akim_mm line: AKIM mm.    2.65      3.82      4.51      2.44     21.8      45.8      16.8      10.7       7.81    ...
2025-10-25 13:04:57,592 - INFO - Found 13 values for akim_mm
2025-10-25 13:04:57,592 - INFO - Processing milm3 line: MİL. M3     0.206     0.298     0.352     0.191     1.70      3.57      1.31      0.832     0.609   ...
2025-10-25 13:04:57,592 - INFO - Found 14 values for milm3
2025-10-25 13:04:57,592 - INFO - Processing ltsnkm2 line: SU YILI  ( 2020 )  YILLIK TOPLAM AKIM  9.91 MİLYON M3         127 MM.        4.0 LT/SN/Km2    ...
2025-10-25 13:04:57,592 - WARNING - Only found 7 values for ltsnkm2, expected 12
2025-10-25 13:04:57,592 - INFO - [OK] Extracted: D14A117 - ÇİLKORU D. GÖKDERE
2025-10-25 13:04:57,593 - INFO -   Annual flow: 0.314 m³/s
2025-10-25 13:04:57,593 - INFO -   Annual total: 9.91 MİLYON M3
2025-10-25 13:04:57,593 - INFO -   MM total: 127.0
2025-10-25 13:04:57,593 - INFO -   Avg LT/SN/Km2: 4.0
2025-10-25 13:04:58,113 - INFO - Found station D14A144 on page 482
2025-10-25 13:04:58,114 - INFO - Found footer line: SU YILI  ( 2020 )  YILLIK TOPLAM AKIM  4.02 MİLYON M3         245 MM.        7.8 LT/SN/Km2
2025-10-25 13:04:58,114 - INFO - Extracted numbers: ['2020', '4.02', '3', '245', '7.8', '2']
2025-10-25 13:04:58,114 - INFO - Parsed: annual_total=4.02, mm_total=245.0, avg_ltsnkm2=7.8
2025-10-25 13:04:58,115 - INFO - Processing flow_avg line: ORTALAMA AKIMLAR             : Gözlem süresinde     0.105 m3/sn.    (16 Yıllık )  2020 Su yılında   ...
2025-10-25 13:04:58,115 - WARNING - Only found 8 values for flow_avg, expected 12
2025-10-25 13:04:58,116 - INFO - Processing flow_max line: Maks.       0.054     0.004     0.054     0.092     0.464     0.588     0.523     0.588     0.301   ...
2025-10-25 13:04:58,116 - INFO - Found 13 values for flow_max
2025-10-25 13:04:58,116 - INFO - Processing flow_min line: Min.        0.001     0.001     0.002     0.011     0.054     0.301     0.179     0.118     0.072   ...
2025-10-25 13:04:58,116 - INFO - Found 13 values for flow_min
2025-10-25 13:04:58,116 - INFO - Processing flow_avg line: Ortalama    0.001     0.002     0.020     0.048     0.247     0.407     0.314     0.315     0.109   ...
2025-10-25 13:04:58,116 - INFO - Found 12 values for flow_avg
2025-10-25 13:04:58,116 - INFO - Processing ltsnkm2 line: LT/SN/Km2   0.077     0.116     1.19      2.92     15.1      24.8      19.2      19.2       6.63    ...
2025-10-25 13:04:58,117 - INFO - Found 13 values for ltsnkm2
2025-10-25 13:04:58,117 - INFO - Processing akim_mm line: AKIM mm.    0.205     0.300     3.19      7.82     37.8      66.5      49.7      51.4      17.2     ...
2025-10-25 13:04:58,117 - INFO - Found 13 values for akim_mm
2025-10-25 13:04:58,117 - INFO - Processing milm3 line: MİL. M3     0.003     0.005     0.052     0.128     0.620     1.09      0.814     0.843     0.282   ...
2025-10-25 13:04:58,117 - INFO - Found 14 values for milm3
2025-10-25 13:04:58,118 - INFO - Processing ltsnkm2 line: SU YILI  ( 2020 )  YILLIK TOPLAM AKIM  4.02 MİLYON M3         245 MM.        7.8 LT/SN/Km2    ...
2025-10-25 13:04:58,118 - WARNING - Only found 7 values for ltsnkm2, expected 12
2025-10-25 13:04:58,118 - INFO - [OK] Extracted: D14A144 - BEĞERGEN D. AKARÇAY
2025-10-25 13:04:58,118 - INFO -   Annual flow: 0.127 m³/s
2025-10-25 13:04:58,119 - INFO -   Annual total: 4.02 MİLYON M3
2025-10-25 13:04:58,119 - INFO -   MM total: 245.0
2025-10-25 13:04:58,119 - INFO -   Avg LT/SN/Km2: 7.8
2025-10-25 13:04:58,204 - INFO - Found station D14A146 on page 483
2025-10-25 13:04:58,205 - INFO - Found footer line: SU YILI  ( 2020 )  YILLIK TOPLAM AKIM  4.87 MİLYON M3         230 MM.        7.3 LT/SN/Km2
2025-10-25 13:04:58,206 - INFO - Extracted numbers: ['2020', '4.87', '3', '230', '7.3', '2']
2025-10-25 13:04:58,206 - INFO - Parsed: annual_total=4.87, mm_total=230.0, avg_ltsnkm2=7.3
2025-10-25 13:04:58,206 - INFO - Processing flow_avg line: ORTALAMA AKIMLAR             : Gözlem süresinde     0.237 m3/sn.    (21 Yıllık )  2020 Su yılında   ...
2025-10-25 13:04:58,207 - WARNING - Only found 8 values for flow_avg, expected 12
2025-10-25 13:04:58,208 - INFO - Processing flow_max line: Maks.       0.090     0.060     0.210     0.250     1.30      1.45      0.720    29.5       0.790   ...
2025-10-25 13:04:58,208 - INFO - Found 13 values for flow_max
2025-10-25 13:04:58,209 - INFO - Processing flow_min line: Min.        0.003     0.015     0.007     0.001     0.015     0.250     0.170     0.040     0.023   ...
2025-10-25 13:04:58,209 - WARNING - Only found 11 values for flow_min, expected 12
2025-10-25 13:04:58,209 - INFO - Processing flow_avg line: Ortalama    0.009     0.025     0.036     0.037     0.336     0.707     0.347     0.226     0.088   ...
2025-10-25 13:04:58,209 - INFO - Found 12 values for flow_avg
2025-10-25 13:04:58,210 - INFO - Processing ltsnkm2 line: LT/SN/Km2   0.415     1.16      1.69      1.76     15.9      33.3      16.3      10.7       4.15    ...
2025-10-25 13:04:58,210 - INFO - Found 13 values for ltsnkm2
2025-10-25 13:04:58,210 - INFO - Processing akim_mm line: AKIM mm.    1.11      3.00      4.53      4.72     39.7      89.3      42.4      28.5      10.8     ...
2025-10-25 13:04:58,210 - INFO - Found 13 values for akim_mm
2025-10-25 13:04:58,210 - INFO - Processing milm3 line: MİL. M3     0.024     0.064     0.096     0.100     0.842     1.89      0.898     0.605     0.228   ...
2025-10-25 13:04:58,211 - INFO - Found 14 values for milm3
2025-10-25 13:04:58,211 - INFO - Processing ltsnkm2 line: SU YILI  ( 2020 )  YILLIK TOPLAM AKIM  4.87 MİLYON M3         230 MM.        7.3 LT/SN/Km2    ...
2025-10-25 13:04:58,211 - WARNING - Only found 7 values for ltsnkm2, expected 12
2025-10-25 13:04:58,211 - INFO - [OK] Extracted: D14A146 - ÇİLKORU D. MUSULLU
2025-10-25 13:04:58,212 - INFO -   Annual flow: 0.154 m³/s
2025-10-25 13:04:58,212 - INFO -   Annual total: 4.87 MİLYON M3
2025-10-25 13:04:58,212 - INFO -   MM total: 230.0
2025-10-25 13:04:58,212 - INFO -   Avg LT/SN/Km2: 7.3
2025-10-25 13:04:58,323 - INFO - Found station D14A149 on page 484
2025-10-25 13:04:58,323 - INFO - Found footer line: SU YILI  ( 2020 )  YILLIK TOPLAM AKIM  4.79 MİLYON M3         108 MM.        3.4 LT/SN/Km2
2025-10-25 13:04:58,323 - INFO - Extracted numbers: ['2020', '4.79', '3', '108', '3.4', '2']
2025-10-25 13:04:58,323 - INFO - Parsed: annual_total=4.79, mm_total=108.0, avg_ltsnkm2=3.4
2025-10-25 13:04:58,324 - INFO - Processing flow_avg line: ORTALAMA AKIMLAR             : Gözlem süresinde     0.292 m3/sn.    (19 Yıllık )  2020 Su yılında   ...
2025-10-25 13:04:58,324 - WARNING - Only found 8 values for flow_avg, expected 12
2025-10-25 13:04:58,325 - INFO - Processing flow_max line: Maks.       KURU      0.064     0.084     0.680     3.43      2.06      0.850     2.33      0.416   ...
2025-10-25 13:04:58,325 - WARNING - Only found 10 values for flow_max, expected 12
2025-10-25 13:04:58,325 - INFO - Processing flow_min line: Min.        KURU      KURU      0.014     0.014     0.005     0.169     0.022     0.022     0.022   ...
2025-10-25 13:04:58,325 - WARNING - Only found 8 values for flow_min, expected 12
2025-10-25 13:04:58,325 - INFO - Processing flow_avg line: Ortalama    KURU      0.022     0.029     0.038     0.370     0.850     0.147     0.280     0.079   ...
2025-10-25 13:04:58,325 - WARNING - Only found 9 values for flow_avg, expected 12
2025-10-25 13:04:58,325 - INFO - Processing ltsnkm2 line: LT/SN/Km2   KURU      0.502     0.663     0.864     8.37     19.2       3.33      6.33      1.79    ...
2025-10-25 13:04:58,325 - WARNING - Only found 10 values for ltsnkm2, expected 12
2025-10-25 13:04:58,325 - INFO - Processing akim_mm line: AKIM mm.    KURU      1.30      1.78      2.31     21.0      51.5       8.63     16.9       4.63    ...
2025-10-25 13:04:58,325 - WARNING - Only found 10 values for akim_mm, expected 12
2025-10-25 13:04:58,326 - INFO - Processing milm3 line: MİL. M3     KURU      0.058     0.079     0.102     0.927     2.28      0.381     0.749     0.205   ...
2025-10-25 13:04:58,326 - WARNING - Only found 11 values for milm3, expected 12
2025-10-25 13:04:58,326 - INFO - Processing ltsnkm2 line: SU YILI  ( 2020 )  YILLIK TOPLAM AKIM  4.79 MİLYON M3         108 MM.        3.4 LT/SN/Km2    ...
2025-10-25 13:04:58,326 - WARNING - Only found 7 values for ltsnkm2, expected 12
2025-10-25 13:04:58,326 - INFO - [OK] Extracted: D14A149 - HULAR D. ÇAMAĞZI
2025-10-25 13:04:58,326 - INFO -   Annual flow: 0.151 m³/s
2025-10-25 13:04:58,326 - INFO -   Annual total: 4.79 MİLYON M3
2025-10-25 13:04:58,326 - INFO -   MM total: 108.0
2025-10-25 13:04:58,326 - INFO -   Avg LT/SN/Km2: 3.4
2025-10-25 13:04:58,459 - INFO - Found station D14A162 on page 486
2025-10-25 13:04:58,460 - INFO - Found footer line: SU YILI  ( 2020 )  YILLIK TOPLAM AKIM  214.45 MİLYON M3         301 MM.        9.5 LT/SN/Km2
2025-10-25 13:04:58,460 - INFO - Extracted numbers: ['2020', '214.45', '3', '301', '9.5', '2']
2025-10-25 13:04:58,460 - INFO - Parsed: annual_total=214.45, mm_total=301.0, avg_ltsnkm2=9.5
2025-10-25 13:04:58,460 - INFO - Processing flow_avg line: ORTALAMA AKIMLAR             : Gözlem süresinde     7.881 m3/sn.    (16 Yıllık )  2020 Su yılında   ...
2025-10-25 13:04:58,461 - WARNING - Only found 8 values for flow_avg, expected 12
2025-10-25 13:04:58,462 - INFO - Processing flow_max line: Maks.       4.20      4.95      9.29     10.5      24.4      72.5      37.8      47.8      22.5     ...
2025-10-25 13:04:58,462 - INFO - Found 13 values for flow_max
2025-10-25 13:04:58,462 - INFO - Processing flow_min line: Min.        1.07      0.906     1.07      1.18      2.37      5.63     12.7       7.51      1.94    ...
2025-10-25 13:04:58,463 - INFO - Found 13 values for flow_min
2025-10-25 13:04:58,463 - INFO - Processing flow_avg line: Ortalama    1.37      1.29      1.71      2.14      5.66     21.7      19.3      18.0       5.76    ...
2025-10-25 13:04:58,463 - INFO - Found 12 values for flow_avg
2025-10-25 13:04:58,463 - INFO - Processing ltsnkm2 line: LT/SN/Km2   1.92      1.81      2.40      3.00      7.94     30.4      27.1      25.3       8.08    ...
2025-10-25 13:04:58,463 - INFO - Found 13 values for ltsnkm2
2025-10-25 13:04:58,463 - INFO - Processing akim_mm line: AKIM mm.    5.13      4.68      6.42      8.03     19.9      81.5      70.2      67.7      20.9     ...
2025-10-25 13:04:58,463 - INFO - Found 13 values for akim_mm
2025-10-25 13:04:58,464 - INFO - Processing milm3 line: MİL. M3     3.66      3.34      4.57      5.73     14.2      58.1      50.0      48.2      14.9     ...
2025-10-25 13:04:58,464 - INFO - Found 14 values for milm3
2025-10-25 13:04:58,464 - INFO - Processing ltsnkm2 line: SU YILI  ( 2020 )  YILLIK TOPLAM AKIM  214.45 MİLYON M3         301 MM.        9.5 LT/SN/Km2    ...
2025-10-25 13:04:58,464 - WARNING - Only found 7 values for ltsnkm2, expected 12
2025-10-25 13:04:58,464 - INFO - [OK] Extracted: D14A162 - YEŞİLIRMAK KOZLU
2025-10-25 13:04:58,464 - INFO -   Annual flow: 6.783 m³/s
2025-10-25 13:04:58,465 - INFO -   Annual total: 214.45 MİLYON M3
2025-10-25 13:04:58,465 - INFO -   MM total: 301.0
2025-10-25 13:04:58,465 - INFO -   Avg LT/SN/Km2: 9.5
2025-10-25 13:04:58,679 - INFO - Found station D14A172 on page 489
2025-10-25 13:04:58,680 - INFO - Found footer line: SU YILI  ( 2020 )  YILLIK TOPLAM AKIM  1612.10 MİLYON M3         151 MM.        4.8 LT/SN/Km2
2025-10-25 13:04:58,680 - INFO - Extracted numbers: ['2020', '1612.10', '3', '151', '4.8', '2']
2025-10-25 13:04:58,680 - INFO - Parsed: annual_total=1612.1, mm_total=151.0, avg_ltsnkm2=4.8
2025-10-25 13:04:58,680 - INFO - Processing flow_avg line: ORTALAMA AKIMLAR             : Gözlem süresinde     63.826 m3/sn.    (6 Yıllık )  2020 Su yılında   ...
2025-10-25 13:04:58,681 - WARNING - Only found 8 values for flow_avg, expected 12
2025-10-25 13:04:58,681 - INFO - Processing flow_max line: Maks.     194.      206.      215.      197.      197.      212.      210.      197.      201.      ...
2025-10-25 13:04:58,682 - INFO - Found 13 values for flow_max
2025-10-25 13:04:58,682 - INFO - Processing flow_min line: Min.       11.3      11.2      11.0      11.0      11.2      11.3      11.5      11.3      11.5     ...
2025-10-25 13:04:58,682 - INFO - Found 13 values for flow_min
2025-10-25 13:04:58,682 - INFO - Processing flow_avg line: Ortalama   62.8      58.9      49.2      36.0      51.3      60.9      34.6      47.5      58.2     ...
2025-10-25 13:04:58,682 - INFO - Found 12 values for flow_avg
2025-10-25 13:04:58,682 - INFO - Processing ltsnkm2 line: LT/SN/Km2   5.88      5.50      4.60      3.37      4.80      5.70      3.23      4.44      5.44    ...
2025-10-25 13:04:58,682 - INFO - Found 13 values for ltsnkm2
2025-10-25 13:04:58,682 - INFO - Processing akim_mm line: AKIM mm.   15.7      14.3      12.3       9.03     12.0      15.3       8.38     11.9      14.1     ...
2025-10-25 13:04:58,682 - INFO - Found 13 values for akim_mm
2025-10-25 13:04:58,683 - INFO - Processing milm3 line: MİL. M3   168.      153.      132.       96.5     129.      163.       89.6     127.      151.      ...
2025-10-25 13:04:58,683 - INFO - Found 14 values for milm3
2025-10-25 13:04:58,683 - INFO - Processing ltsnkm2 line: SU YILI  ( 2020 )  YILLIK TOPLAM AKIM  1612.10 MİLYON M3         151 MM.        4.8 LT/SN/Km2    ...
2025-10-25 13:04:58,684 - WARNING - Only found 7 values for ltsnkm2, expected 12
2025-10-25 13:04:58,684 - INFO - [OK] Extracted: D14A172 - KELKİT Ç. TEPEKIŞLA
2025-10-25 13:04:58,684 - INFO -   Annual flow: 50.962 m³/s
2025-10-25 13:04:58,684 - INFO -   Annual total: 1612.1 MİLYON M3
2025-10-25 13:04:58,684 - INFO -   MM total: 151.0
2025-10-25 13:04:58,684 - INFO -   Avg LT/SN/Km2: 4.8
2025-10-25 13:04:59,571 - INFO - Found station D14A192 on page 504
2025-10-25 13:04:59,572 - INFO - Found footer line: SU YILI  ( 2020 )  YILLIK TOPLAM AKIM  2047.00 MİLYON M3         189 MM.        6.0 LT/SN/Km2
2025-10-25 13:04:59,572 - INFO - Extracted numbers: ['2020', '2047.00', '3', '189', '6.0', '2']
2025-10-25 13:04:59,572 - INFO - Parsed: annual_total=2047.0, mm_total=189.0, avg_ltsnkm2=6.0
2025-10-25 13:04:59,573 - INFO - Processing flow_avg line: ORTALAMA AKIMLAR             : Gözlem süresinde     64.010 m3/sn.    (5 Yıllık )  2020 Su yılında   ...
2025-10-25 13:04:59,573 - WARNING - Only found 8 values for flow_avg, expected 12
2025-10-25 13:04:59,574 - INFO - Processing flow_max line: Maks.      84.7      91.3      90.5      80.6      93.0     102.       79.8      89.6      91.3     ...
2025-10-25 13:04:59,574 - INFO - Found 13 values for flow_max
2025-10-25 13:04:59,574 - INFO - Processing flow_min line: Min.       59.9      35.7      10.4      12.4      34.0      21.4       8.29     22.3      38.6     ...
2025-10-25 13:04:59,574 - INFO - Found 13 values for flow_min
2025-10-25 13:04:59,575 - INFO - Processing flow_avg line: Ortalama   70.2      74.3      59.5      51.2      65.6      73.1      48.0      62.0      72.1     ...
2025-10-25 13:04:59,575 - INFO - Found 12 values for flow_avg
2025-10-25 13:04:59,575 - INFO - Processing ltsnkm2 line: LT/SN/Km2   6.49      6.87      5.50      4.73      6.07      6.76      4.44      5.73      6.67    ...
2025-10-25 13:04:59,575 - INFO - Found 13 values for ltsnkm2
2025-10-25 13:04:59,576 - INFO - Processing akim_mm line: AKIM mm.   17.4      17.8      14.7      12.7      15.2      18.1      11.5      15.4      17.3     ...
2025-10-25 13:04:59,577 - INFO - Found 13 values for akim_mm
2025-10-25 13:04:59,578 - INFO - Processing milm3 line: MİL. M3   188.      192.      159.      137.      164.      196.      124.      166.      187.      ...
2025-10-25 13:04:59,578 - INFO - Found 14 values for milm3
2025-10-25 13:04:59,578 - INFO - Processing ltsnkm2 line: SU YILI  ( 2020 )  YILLIK TOPLAM AKIM  2047.00 MİLYON M3         189 MM.        6.0 LT/SN/Km2    ...
2025-10-25 13:04:59,578 - WARNING - Only found 7 values for ltsnkm2, expected 12
2025-10-25 13:04:59,579 - INFO - [OK] Extracted: D14A192 - KELKİT N. BUZKÖY
2025-10-25 13:04:59,579 - INFO -   Annual flow: 64.762 m³/s
2025-10-25 13:04:59,579 - INFO -   Annual total: 2047.0 MİLYON M3
2025-10-25 13:04:59,579 - INFO -   MM total: 189.0
2025-10-25 13:04:59,580 - INFO -   Avg LT/SN/Km2: 6.0
2025-10-25 13:05:02,092 - INFO - Found station D22A093 on page 583
2025-10-25 13:05:02,094 - INFO - [OK] Extracted: D22A093 - Turna Suyu Cumhuriyet Köyü……………………… 432
2025-10-25 13:05:02,108 - INFO - Found station D22A158 on page 584
2025-10-25 13:05:02,110 - INFO - [OK] Extracted: D22A158 - Ceviz D. Çınarcık………………………………………… 469
2025-10-25 13:05:10,887 - INFO - Found station D22A093 on page 863
2025-10-25 13:05:10,888 - INFO - Found footer line: SU YILI  ( 2020 )  YILLIK TOPLAM AKIM  149.05 MİLYON M3         710 MM.        22.4 LT/SN/Km2
2025-10-25 13:05:10,888 - INFO - Extracted numbers: ['2020', '149.05', '3', '710', '22.4', '2']
2025-10-25 13:05:10,888 - INFO - Parsed: annual_total=149.05, mm_total=710.0, avg_ltsnkm2=22.4
2025-10-25 13:05:10,888 - INFO - Processing flow_avg line: ORTALAMA AKIMLAR             : Gözlem süresinde     5.014 m3/sn.    (25 Yıllık )  2020 Su yılında   ...
2025-10-25 13:05:10,889 - WARNING - Only found 8 values for flow_avg, expected 12
2025-10-25 13:05:10,889 - INFO - Processing flow_max line: Maks.       5.08     27.8      16.9      12.5      44.7      26.8      13.0      40.3      14.7     ...
2025-10-25 13:05:10,889 - INFO - Found 13 values for flow_max
2025-10-25 13:05:10,889 - INFO - Processing flow_min line: Min.        0.628     0.479     0.917     2.21      3.76      4.29      2.21      0.720     0.720   ...
2025-10-25 13:05:10,890 - INFO - Found 13 values for flow_min
2025-10-25 13:05:10,890 - INFO - Processing flow_avg line: Ortalama    1.71      2.43      3.40      4.37     10.6      13.6       4.78      7.34      2.62    ...
2025-10-25 13:05:10,890 - INFO - Found 12 values for flow_avg
2025-10-25 13:05:10,890 - INFO - Processing ltsnkm2 line: LT/SN/Km2   8.16     11.6      16.2      20.8      50.3      64.6      22.7      35.0      12.5     ...
2025-10-25 13:05:10,890 - INFO - Found 13 values for ltsnkm2
2025-10-25 13:05:10,890 - INFO - Processing akim_mm line: AKIM mm.   21.9      30.0      43.3      55.7     126.      173.       58.9      93.6      32.3     ...
2025-10-25 13:05:10,890 - INFO - Found 13 values for akim_mm
2025-10-25 13:05:10,891 - INFO - Processing milm3 line: MİL. M3     4.59      6.31      9.10     11.7      26.5      36.3      12.4      19.7       6.79    ...
2025-10-25 13:05:10,891 - INFO - Found 14 values for milm3
2025-10-25 13:05:10,891 - INFO - Processing ltsnkm2 line: SU YILI  ( 2020 )  YILLIK TOPLAM AKIM  149.05 MİLYON M3         710 MM.        22.4 LT/SN/Km2    ...
2025-10-25 13:05:10,892 - WARNING - Only found 7 values for ltsnkm2, expected 12
2025-10-25 13:05:10,892 - INFO - [OK] Extracted: D22A093 - TURNASUYU CUMHURİYET KÖYÜ
2025-10-25 13:05:10,892 - INFO -   Annual flow: 4.711 m³/s
2025-10-25 13:05:10,892 - INFO -   Annual total: 149.05 MİLYON M3
2025-10-25 13:05:10,892 - INFO -   MM total: 710.0
2025-10-25 13:05:10,892 - INFO -   Avg LT/SN/Km2: 22.4
2025-10-25 13:05:10,965 - INFO - Found station D22A095 on page 864
2025-10-25 13:05:10,967 - INFO - Found footer line: SU YILI  ( 2020 )  YILLIK TOPLAM AKIM  32.93 MİLYON M3         299 MM.        9.5 LT/SN/Km2
2025-10-25 13:05:10,967 - INFO - Extracted numbers: ['2020', '32.93', '3', '299', '9.5', '2']
2025-10-25 13:05:10,967 - INFO - Parsed: annual_total=32.93, mm_total=299.0, avg_ltsnkm2=9.5
2025-10-25 13:05:10,968 - INFO - Processing flow_avg line: ORTALAMA AKIMLAR             : Gözlem süresinde     1.306 m3/sn.    (17 Yıllık )  2020 Su yılında   ...
2025-10-25 13:05:10,968 - WARNING - Only found 8 values for flow_avg, expected 12
2025-10-25 13:05:10,969 - INFO - Processing flow_max line: Maks.       0.197     0.197     0.216     0.132     0.717     4.00      8.32      9.72      2.10    ...
2025-10-25 13:05:10,969 - INFO - Found 13 values for flow_max
2025-10-25 13:05:10,970 - INFO - Processing flow_min line: Min.        0.124     0.115     0.124     0.124     0.083     0.188     1.68      1.82      0.456   ...
2025-10-25 13:05:10,970 - INFO - Found 13 values for flow_min
2025-10-25 13:05:10,970 - INFO - Processing flow_avg line: Ortalama    0.136     0.145     0.161     0.125     0.164     1.24      3.97      5.14      0.830   ...
2025-10-25 13:05:10,970 - INFO - Found 12 values for flow_avg
2025-10-25 13:05:10,971 - INFO - Processing ltsnkm2 line: LT/SN/Km2   1.24      1.32      1.47      1.13      1.49     11.3      36.1      46.8       7.55    ...
2025-10-25 13:05:10,971 - INFO - Found 13 values for ltsnkm2
2025-10-25 13:05:10,971 - INFO - Processing akim_mm line: AKIM mm.    3.32      3.41      3.93      3.03      3.73     30.2      93.5     125.       19.6     ...
2025-10-25 13:05:10,971 - INFO - Found 13 values for akim_mm
2025-10-25 13:05:10,972 - INFO - Processing milm3 line: MİL. M3     0.365     0.375     0.432     0.334     0.410     3.33     10.3      13.8       2.15    ...
2025-10-25 13:05:10,972 - INFO - Found 14 values for milm3
2025-10-25 13:05:10,972 - INFO - Processing ltsnkm2 line: SU YILI  ( 2020 )  YILLIK TOPLAM AKIM  32.93 MİLYON M3         299 MM.        9.5 LT/SN/Km2    ...
2025-10-25 13:05:10,972 - WARNING - Only found 7 values for ltsnkm2, expected 12
2025-10-25 13:05:10,972 - INFO - [OK] Extracted: D22A095 - YAYLA D. SÖĞÜTAĞIL
2025-10-25 13:05:10,972 - INFO -   Annual flow: 1.04 m³/s
2025-10-25 13:05:10,972 - INFO -   Annual total: 32.93 MİLYON M3
2025-10-25 13:05:10,972 - INFO -   MM total: 299.0
2025-10-25 13:05:10,973 - INFO -   Avg LT/SN/Km2: 9.5
2025-10-25 13:05:11,204 - INFO - Found station D22A105 on page 868
2025-10-25 13:05:11,205 - INFO - Found footer line: SU YILI  ( 2020 )  YILLIK TOPLAM AKIM  71.60 MİLYON M3         961 MM.        30.4 LT/SN/Km2
2025-10-25 13:05:11,205 - INFO - Extracted numbers: ['2020', '71.60', '3', '961', '30.4', '2']
2025-10-25 13:05:11,205 - INFO - Parsed: annual_total=71.6, mm_total=961.0, avg_ltsnkm2=30.4
2025-10-25 13:05:11,206 - INFO - Processing flow_avg line: ORTALAMA AKIMLAR             : Gözlem süresinde     2.497 m3/sn.    (17 Yıllık )  2020 Su yılında   ...
2025-10-25 13:05:11,206 - WARNING - Only found 8 values for flow_avg, expected 12
2025-10-25 13:05:11,207 - INFO - Processing flow_max line: Maks.      25.1      22.5      29.0      33.8      38.2      24.5      16.5      23.8       8.56    ...
2025-10-25 13:05:11,207 - INFO - Found 13 values for flow_max
2025-10-25 13:05:11,207 - INFO - Processing flow_min line: Min.        0.370     0.160     0.220     0.740     1.60      0.920     0.820     0.660     0.330   ...
2025-10-25 13:05:11,207 - INFO - Found 13 values for flow_min
2025-10-25 13:05:11,208 - INFO - Processing flow_avg line: Ortalama    1.30      1.22      1.95      3.88      6.77      5.11      2.35      2.41      0.880   ...
2025-10-25 13:05:11,208 - INFO - Found 12 values for flow_avg
2025-10-25 13:05:11,209 - INFO - Processing ltsnkm2 line: LT/SN/Km2  17.5      16.4      26.2      52.0      90.8      68.6      31.6      32.3      11.8     ...
2025-10-25 13:05:11,209 - INFO - Found 13 values for ltsnkm2
2025-10-25 13:05:11,209 - INFO - Processing akim_mm line: AKIM mm.   46.9      42.6      70.1     139.      228.      184.       81.8      86.6      30.6     ...
2025-10-25 13:05:11,209 - INFO - Found 13 values for akim_mm
2025-10-25 13:05:11,209 - INFO - Processing milm3 line: MİL. M3     3.49      3.17      5.22     10.4      17.0      13.7       6.09      6.45      2.28    ...
2025-10-25 13:05:11,210 - INFO - Found 14 values for milm3
2025-10-25 13:05:11,210 - INFO - Processing ltsnkm2 line: SU YILI  ( 2020 )  YILLIK TOPLAM AKIM  71.60 MİLYON M3         961 MM.        30.4 LT/SN/Km2    ...
2025-10-25 13:05:11,210 - WARNING - Only found 7 values for ltsnkm2, expected 12
2025-10-25 13:05:11,210 - INFO - [OK] Extracted: D22A105 - DEĞİRMEN D. SALIPAZARI
2025-10-25 13:05:11,211 - INFO -   Annual flow: 2.262 m³/s
2025-10-25 13:05:11,211 - INFO -   Annual total: 71.6 MİLYON M3
2025-10-25 13:05:11,211 - INFO -   MM total: 961.0
2025-10-25 13:05:11,211 - INFO -   Avg LT/SN/Km2: 30.4
2025-10-25 13:05:11,305 - INFO - Found station D22A106 on page 869
2025-10-25 13:05:11,306 - INFO - Found footer line: SU YILI  ( 2020 )  YILLIK TOPLAM AKIM  91.60 MİLYON M3         751 MM.        23.7 LT/SN/Km2
2025-10-25 13:05:11,306 - INFO - Extracted numbers: ['2020', '91.60', '3', '751', '23.7', '2']
2025-10-25 13:05:11,307 - INFO - Parsed: annual_total=91.6, mm_total=751.0, avg_ltsnkm2=23.7
2025-10-25 13:05:11,307 - INFO - Processing flow_avg line: ORTALAMA AKIMLAR             : Gözlem süresinde     3.209 m3/sn.    (12 Yıllık )  2020 Su yılında   ...
2025-10-25 13:05:11,307 - WARNING - Only found 8 values for flow_avg, expected 12
2025-10-25 13:05:11,308 - INFO - Processing flow_max line: Maks.      28.1      31.7       7.78     19.1      24.5      11.5       8.26     18.5       3.35    ...
2025-10-25 13:05:11,309 - INFO - Found 13 values for flow_max
2025-10-25 13:05:11,309 - INFO - Processing flow_min line: Min.        1.13      0.519     0.519     1.81      2.21      3.43      2.26      1.29      1.13    ...
2025-10-25 13:05:11,309 - INFO - Found 13 values for flow_min
2025-10-25 13:05:11,309 - INFO - Processing flow_avg line: Ortalama    2.86      2.02      1.52      3.15      5.30      6.19      4.27      4.20      1.40    ...
2025-10-25 13:05:11,310 - INFO - Found 12 values for flow_avg
2025-10-25 13:05:11,310 - INFO - Processing ltsnkm2 line: LT/SN/Km2  23.4      16.5      12.4      25.8      43.4      50.8      35.0      34.5      11.5     ...
2025-10-25 13:05:11,310 - INFO - Found 13 values for ltsnkm2
2025-10-25 13:05:11,310 - INFO - Processing akim_mm line: AKIM mm.   62.7      42.9      33.3      69.1     109.      136.       90.7      92.3      29.8     ...
2025-10-25 13:05:11,310 - INFO - Found 13 values for akim_mm
2025-10-25 13:05:11,311 - INFO - Processing milm3 line: MİL. M3     7.65      5.23      4.06      8.43     13.3      16.6      11.1      11.3       3.64    ...
2025-10-25 13:05:11,311 - INFO - Found 14 values for milm3
2025-10-25 13:05:11,311 - INFO - Processing ltsnkm2 line: SU YILI  ( 2020 )  YILLIK TOPLAM AKIM  91.60 MİLYON M3         751 MM.        23.7 LT/SN/Km2    ...
2025-10-25 13:05:11,311 - WARNING - Only found 7 values for ltsnkm2, expected 12
2025-10-25 13:05:11,312 - INFO - [OK] Extracted: D22A106 - BATLAMA D. ÇUKURKÖY
2025-10-25 13:05:11,312 - INFO -   Annual flow: 2.893 m³/s
2025-10-25 13:05:11,312 - INFO -   Annual total: 91.6 MİLYON M3
2025-10-25 13:05:11,312 - INFO -   MM total: 751.0
2025-10-25 13:05:11,312 - INFO -   Avg LT/SN/Km2: 23.7
2025-10-25 13:05:11,620 - INFO - Found station D22A116 on page 874
2025-10-25 13:05:11,621 - INFO - Processing flow_avg line: ORTALAMA AKIMLAR             : Gözlem süresinde     ----- m3/sn.    (10 Yıllık )  2020 Su yılında   ...
2025-10-25 13:05:11,621 - WARNING - Only found 6 values for flow_avg, expected 12
2025-10-25 13:05:11,622 - INFO - Processing flow_max line: Maks.      36.0     166.       45.1      57.6     143.       82.3      50.7     126.       31.3     ...
2025-10-25 13:05:11,622 - WARNING - Only found 11 values for flow_max, expected 12
2025-10-25 13:05:11,622 - INFO - Processing flow_min line: Min.        2.22      2.11      2.11      3.25      5.02      6.57      8.20      6.79      2.68    ...
2025-10-25 13:05:11,622 - WARNING - Only found 11 values for flow_min, expected 12
2025-10-25 13:05:11,623 - INFO - Processing flow_avg line: Ortalama    5.69     12.9       6.01     10.1      24.0      36.9      26.1      43.1      11.9     ...
2025-10-25 13:05:11,623 - WARNING - Only found 10 values for flow_avg, expected 12
2025-10-25 13:05:11,623 - INFO - Processing ltsnkm2 line: LT/SN/Km2   6.44     14.6       6.80     11.5      27.1      41.8      29.5      48.7      13.4     ...
2025-10-25 13:05:11,623 - WARNING - Only found 11 values for ltsnkm2, expected 12
2025-10-25 13:05:11,623 - INFO - Processing akim_mm line: AKIM mm.   17.3      37.9      18.2      30.7      68.0     112.       76.4     131.       34.8     ...
2025-10-25 13:05:11,624 - WARNING - Only found 11 values for akim_mm, expected 12
2025-10-25 13:05:11,624 - INFO - Processing milm3 line: MİL. M3    15.3      33.5      16.1      27.1      60.1      98.9      67.5     115.       30.7     ...
2025-10-25 13:05:11,624 - INFO - Found 12 values for milm3
2025-10-25 13:05:11,624 - INFO - [OK] Extracted: D22A116 - AKSU D. ÜLPER
2025-10-25 13:05:13,140 - INFO - Found station D22A158 on page 900
2025-10-25 13:05:13,141 - INFO - Found footer line: SU YILI  ( 2020 )  YILLIK TOPLAM AKIM  138.47 MİLYON M3         505 MM.        16.0 LT/SN/Km2
2025-10-25 13:05:13,141 - INFO - Extracted numbers: ['2020', '138.47', '3', '505', '16.0', '2']
2025-10-25 13:05:13,141 - INFO - Parsed: annual_total=138.47, mm_total=505.0, avg_ltsnkm2=16.0
2025-10-25 13:05:13,142 - INFO - Processing flow_avg line: ORTALAMA AKIMLAR             : Gözlem süresinde     5.088 m3/sn.    (2 Yıllık )  2020 Su yılında    ...
2025-10-25 13:05:13,142 - WARNING - Only found 8 values for flow_avg, expected 12
2025-10-25 13:05:13,144 - INFO - Processing flow_max line: Maks.       1.68     12.4      13.9      21.9      53.5      27.8      10.5      13.9      29.1     ...
2025-10-25 13:05:13,144 - INFO - Found 13 values for flow_max
2025-10-25 13:05:13,145 - INFO - Processing flow_min line: Min.        0.636     0.636     1.08      2.88      2.04      3.88      2.04      1.20      1.36    ...
2025-10-25 13:05:13,145 - INFO - Found 13 values for flow_min
2025-10-25 13:05:13,145 - INFO - Processing flow_avg line: Ortalama    0.993     1.92      3.72      5.66     15.5      10.1       4.07      3.39      3.42    ...
2025-10-25 13:05:13,145 - INFO - Found 12 values for flow_avg
2025-10-25 13:05:13,146 - INFO - Processing ltsnkm2 line: LT/SN/Km2   3.62      7.00     13.6      20.6      56.5      36.7      14.8      12.3      12.5     ...
2025-10-25 13:05:13,146 - INFO - Found 13 values for ltsnkm2
2025-10-25 13:05:13,146 - INFO - Processing akim_mm line: AKIM mm.    9.70     18.1      36.3      55.3     142.       98.2      38.4      33.1      32.3     ...
2025-10-25 13:05:13,146 - INFO - Found 13 values for akim_mm
2025-10-25 13:05:13,146 - INFO - Processing milm3 line: MİL. M3     2.66      4.98      9.96     15.2      38.9      26.9      10.5       9.07      8.86    ...
2025-10-25 13:05:13,147 - INFO - Found 14 values for milm3
2025-10-25 13:05:13,147 - INFO - Processing ltsnkm2 line: SU YILI  ( 2020 )  YILLIK TOPLAM AKIM  138.47 MİLYON M3         505 MM.        16.0 LT/SN/Km2    ...
2025-10-25 13:05:13,147 - WARNING - Only found 7 values for ltsnkm2, expected 12
2025-10-25 13:05:13,147 - INFO - [OK] Extracted: D22A158 - CEVİZ D. ÇINARCIK
2025-10-25 13:05:13,147 - INFO -   Annual flow: 4.38 m³/s
2025-10-25 13:05:13,148 - INFO -   Annual total: 138.47 MİLYON M3
2025-10-25 13:05:13,148 - INFO -   MM total: 505.0
2025-10-25 13:05:13,148 - INFO -   Avg LT/SN/Km2: 16.0
2025-10-25 13:05:13,562 - INFO - Found station E22A054 on page 909
2025-10-25 13:05:13,563 - INFO - Found footer line: SU YILI  ( 2020 )  YILLIK TOPLAM AKIM  177.03 MİLYON M3         797 MM.        25.2 LT/SN/Km2
2025-10-25 13:05:13,564 - INFO - Extracted numbers: ['2020', '177.03', '3', '797', '25.2', '2']
2025-10-25 13:05:13,564 - INFO - Parsed: annual_total=177.03, mm_total=797.0, avg_ltsnkm2=25.2
2025-10-25 13:05:13,564 - INFO - Processing flow_avg line: ORTALAMA AKIMLAR             : Gözlem süresinde     5.168 m3/sn.    (23 Yıllık )  2020 Su yılında   ...
2025-10-25 13:05:13,565 - WARNING - Only found 8 values for flow_avg, expected 12
2025-10-25 13:05:13,566 - INFO - Processing flow_max line: Maks.     121.      112.      102.       63.2      75.3     108.       11.7     105.       18.8     ...
2025-10-25 13:05:13,566 - INFO - Found 13 values for flow_max
2025-10-25 13:05:13,567 - INFO - Processing flow_min line: Min.        0.584     0.678     0.776     2.89      7.27      2.89      1.48      0.776     0.584   ...
2025-10-25 13:05:13,567 - INFO - Found 13 values for flow_min
2025-10-25 13:05:13,567 - INFO - Processing flow_avg line: Ortalama    2.42      3.85      6.59     11.9      17.7      10.4       3.27      4.76      2.25    ...
2025-10-25 13:05:13,568 - INFO - Found 12 values for flow_avg
2025-10-25 13:05:13,568 - INFO - Processing ltsnkm2 line: LT/SN/Km2  10.9      17.3      29.7      53.5      79.8      46.7      14.7      21.4      10.1     ...
2025-10-25 13:05:13,568 - INFO - Found 13 values for ltsnkm2
2025-10-25 13:05:13,568 - INFO - Processing akim_mm line: AKIM mm.   29.2      44.9      79.4     143.      200.      125.       38.2      57.4      26.3     ...
2025-10-25 13:05:13,569 - INFO - Found 13 values for akim_mm
2025-10-25 13:05:13,569 - INFO - Processing milm3 line: MİL. M3     6.48      9.97     17.7      31.8      44.4      27.8       8.48     12.8       5.84    ...
2025-10-25 13:05:13,569 - INFO - Found 14 values for milm3
2025-10-25 13:05:13,569 - INFO - Processing ltsnkm2 line: SU YILI  ( 2020 )  YILLIK TOPLAM AKIM  177.03 MİLYON M3         797 MM.        25.2 LT/SN/Km2    ...
2025-10-25 13:05:13,569 - WARNING - Only found 7 values for ltsnkm2, expected 12
2025-10-25 13:05:13,570 - INFO - [OK] Extracted: E22A054 - AKÇAY DURAKLI
2025-10-25 13:05:13,570 - INFO -   Annual flow: 5.597 m³/s
2025-10-25 13:05:13,570 - INFO -   Annual total: 177.03 MİLYON M3
2025-10-25 13:05:13,570 - INFO -   MM total: 797.0
2025-10-25 13:05:13,570 - INFO -   Avg LT/SN/Km2: 25.2
2025-10-25 13:05:13,784 - INFO - Found station E22A065 on page 913
2025-10-25 13:05:13,784 - INFO - Found footer line: SU YILI  ( 2020 )  YILLIK TOPLAM AKIM  158.30 MİLYON M3         410 MM.        13.0 LT/SN/Km2
2025-10-25 13:05:13,784 - INFO - Extracted numbers: ['2020', '158.30', '3', '410', '13.0', '2']
2025-10-25 13:05:13,784 - INFO - Parsed: annual_total=158.3, mm_total=410.0, avg_ltsnkm2=13.0
2025-10-25 13:05:13,785 - INFO - Processing flow_avg line: ORTALAMA AKIMLAR             : Gözlem süresinde     6.228 m3/sn.    (13 Yıllık )  2020 Su yılında   ...
2025-10-25 13:05:13,785 - WARNING - Only found 8 values for flow_avg, expected 12
2025-10-25 13:05:13,786 - INFO - Processing flow_max line: Maks.       5.85     31.8      20.7      34.2      76.9      18.1      14.5      16.3      35.4     ...
2025-10-25 13:05:13,786 - INFO - Found 13 values for flow_max
2025-10-25 13:05:13,786 - INFO - Processing flow_min line: Min.        1.23      1.23      1.23      2.26      7.72      6.32      3.77      0.723     0.642   ...
2025-10-25 13:05:13,786 - INFO - Found 13 values for flow_min
2025-10-25 13:05:13,787 - INFO - Processing flow_avg line: Ortalama    2.12      3.06      4.52      6.63     15.6      11.1       5.57      4.44      4.54    ...
2025-10-25 13:05:13,787 - INFO - Found 12 values for flow_avg
2025-10-25 13:05:13,787 - INFO - Processing ltsnkm2 line: LT/SN/Km2   5.49      7.91     11.7      17.2      40.4      28.6      14.4      11.5      11.7     ...
2025-10-25 13:05:13,787 - INFO - Found 13 values for ltsnkm2
2025-10-25 13:05:13,787 - INFO - Processing akim_mm line: AKIM mm.   14.7      20.5      31.4      46.0     101.       76.7      37.4      30.8      30.4     ...
2025-10-25 13:05:13,787 - INFO - Found 13 values for akim_mm
2025-10-25 13:05:13,788 - INFO - Processing milm3 line: MİL. M3     5.68      7.93     12.1      17.8      39.1      29.6      14.4      11.9      11.8     ...
2025-10-25 13:05:13,788 - INFO - Found 14 values for milm3
2025-10-25 13:05:13,788 - INFO - Processing ltsnkm2 line: SU YILI  ( 2020 )  YILLIK TOPLAM AKIM  158.30 MİLYON M3         410 MM.        13.0 LT/SN/Km2    ...
2025-10-25 13:05:13,788 - WARNING - Only found 7 values for ltsnkm2, expected 12
2025-10-25 13:05:13,788 - INFO - [OK] Extracted: E22A065 - ELEKÇİ DERESİ BOZDAĞI
2025-10-25 13:05:13,788 - INFO -   Annual flow: 5.005 m³/s
2025-10-25 13:05:13,789 - INFO -   Annual total: 158.3 MİLYON M3
2025-10-25 13:05:13,789 - INFO -   MM total: 410.0
2025-10-25 13:05:13,789 - INFO -   Avg LT/SN/Km2: 13.0
